2017-02-15 12:40:54,921 DEBUG [main] jdbc.BaseJdbcLogger (BaseJdbcLogger.java:145) - ==>  Preparing: select * from student 
2017-02-15 12:40:55,082 DEBUG [main] jdbc.BaseJdbcLogger (BaseJdbcLogger.java:145) - ==> Parameters: 
2017-02-15 12:40:55,121 TRACE [main] jdbc.BaseJdbcLogger (BaseJdbcLogger.java:151) - <==    Columns: SID, SNAME, SAGE, SEX, ADDRESS
2017-02-15 12:40:55,127 TRACE [main] jdbc.BaseJdbcLogger (BaseJdbcLogger.java:151) - <==        Row: 3, 张三0, 19, 0, 湖北
2017-02-15 12:40:55,128 TRACE [main] jdbc.BaseJdbcLogger (BaseJdbcLogger.java:151) - <==        Row: 4, 张三1, 21, 0, 山东
2017-02-15 12:40:55,129 TRACE [main] jdbc.BaseJdbcLogger (BaseJdbcLogger.java:151) - <==        Row: 5, 张三2, 21, 0, 山东
2017-02-15 12:40:55,129 TRACE [main] jdbc.BaseJdbcLogger (BaseJdbcLogger.java:151) - <==        Row: 6, 张三3, 18, 0, 湖南
2017-02-15 12:40:55,130 TRACE [main] jdbc.BaseJdbcLogger (BaseJdbcLogger.java:151) - <==        Row: 7, 张三4, 19, 1, 山东
2017-02-15 12:40:55,130 TRACE [main] jdbc.BaseJdbcLogger (BaseJdbcLogger.java:151) - <==        Row: 8, 张三5, 18, 0, 广东
2017-02-15 12:40:55,132 TRACE [main] jdbc.BaseJdbcLogger (BaseJdbcLogger.java:151) - <==        Row: 9, 张三6, 19, 1, 湖北
2017-02-15 12:40:55,133 TRACE [main] jdbc.BaseJdbcLogger (BaseJdbcLogger.java:151) - <==        Row: 10, 张三7, 19, 1, 湖南
2017-02-15 12:40:55,134 TRACE [main] jdbc.BaseJdbcLogger (BaseJdbcLogger.java:151) - <==        Row: 11, 张三8, 21, 1, 湖南
2017-02-15 12:40:55,134 TRACE [main] jdbc.BaseJdbcLogger (BaseJdbcLogger.java:151) - <==        Row: 12, 张三9, 21, 1, 湖南
2017-02-15 12:40:55,136 TRACE [main] jdbc.BaseJdbcLogger (BaseJdbcLogger.java:151) - <==        Row: 13, 张三0, 20, 0, 湖北
2017-02-15 12:40:55,136 TRACE [main] jdbc.BaseJdbcLogger (BaseJdbcLogger.java:151) - <==        Row: 14, 张三1, 21, 0, 山东
2017-02-15 12:40:55,137 TRACE [main] jdbc.BaseJdbcLogger (BaseJdbcLogger.java:151) - <==        Row: 15, 张三2, 19, 0, 广东
2017-02-15 12:40:55,137 TRACE [main] jdbc.BaseJdbcLogger (BaseJdbcLogger.java:151) - <==        Row: 16, 张三3, 22, 1, 湖北
2017-02-15 12:40:55,138 TRACE [main] jdbc.BaseJdbcLogger (BaseJdbcLogger.java:151) - <==        Row: 17, 张三4, 19, 0, 湖南
2017-02-15 12:40:55,139 TRACE [main] jdbc.BaseJdbcLogger (BaseJdbcLogger.java:151) - <==        Row: 18, 张三5, 22, 0, 广东
2017-02-15 12:40:55,142 TRACE [main] jdbc.BaseJdbcLogger (BaseJdbcLogger.java:151) - <==        Row: 19, 张三6, 20, 0, 广东
2017-02-15 12:40:55,143 TRACE [main] jdbc.BaseJdbcLogger (BaseJdbcLogger.java:151) - <==        Row: 20, 张三7, 22, 0, 广东
2017-02-15 12:40:55,144 TRACE [main] jdbc.BaseJdbcLogger (BaseJdbcLogger.java:151) - <==        Row: 21, 张三8, 22, 1, 湖南
2017-02-15 12:40:55,144 TRACE [main] jdbc.BaseJdbcLogger (BaseJdbcLogger.java:151) - <==        Row: 22, 张三9, 18, 0, 湖北
2017-02-15 12:40:55,145 TRACE [main] jdbc.BaseJdbcLogger (BaseJdbcLogger.java:151) - <==        Row: 23, 张三0, 19, 0, 广东
2017-02-15 12:40:55,146 TRACE [main] jdbc.BaseJdbcLogger (BaseJdbcLogger.java:151) - <==        Row: 24, 张三1, 21, 0, 湖南
2017-02-15 12:40:55,147 TRACE [main] jdbc.BaseJdbcLogger (BaseJdbcLogger.java:151) - <==        Row: 25, 张三2, 22, 0, 广东
2017-02-15 12:40:55,147 TRACE [main] jdbc.BaseJdbcLogger (BaseJdbcLogger.java:151) - <==        Row: 26, 张三3, 22, 0, 湖北
2017-02-15 12:40:55,147 TRACE [main] jdbc.BaseJdbcLogger (BaseJdbcLogger.java:151) - <==        Row: 27, 张三4, 22, 0, 湖北
2017-02-15 12:40:55,148 TRACE [main] jdbc.BaseJdbcLogger (BaseJdbcLogger.java:151) - <==        Row: 28, 张三5, 19, 1, 山东
2017-02-15 12:40:55,148 TRACE [main] jdbc.BaseJdbcLogger (BaseJdbcLogger.java:151) - <==        Row: 29, 张三6, 20, 0, 湖北
2017-02-15 12:40:55,149 TRACE [main] jdbc.BaseJdbcLogger (BaseJdbcLogger.java:151) - <==        Row: 30, 张三7, 22, 1, 湖北
2017-02-15 12:40:55,149 TRACE [main] jdbc.BaseJdbcLogger (BaseJdbcLogger.java:151) - <==        Row: 31, 张三8, 20, 1, 广东
2017-02-15 12:40:55,149 TRACE [main] jdbc.BaseJdbcLogger (BaseJdbcLogger.java:151) - <==        Row: 32, 张三9, 19, 0, 湖北
2017-02-15 12:40:55,151 TRACE [main] jdbc.BaseJdbcLogger (BaseJdbcLogger.java:151) - <==        Row: 33, 张三0, 22, 1, 湖南
2017-02-15 12:40:55,152 TRACE [main] jdbc.BaseJdbcLogger (BaseJdbcLogger.java:151) - <==        Row: 34, 张三1, 18, 1, 湖北
2017-02-15 12:40:55,152 TRACE [main] jdbc.BaseJdbcLogger (BaseJdbcLogger.java:151) - <==        Row: 35, 张三2, 22, 1, 湖北
2017-02-15 12:40:55,153 TRACE [main] jdbc.BaseJdbcLogger (BaseJdbcLogger.java:151) - <==        Row: 36, 张三3, 22, 0, 广东
2017-02-15 12:40:55,153 TRACE [main] jdbc.BaseJdbcLogger (BaseJdbcLogger.java:151) - <==        Row: 37, 张三4, 19, 1, 山东
2017-02-15 12:40:55,153 TRACE [main] jdbc.BaseJdbcLogger (BaseJdbcLogger.java:151) - <==        Row: 38, 张三5, 22, 0, 湖北
2017-02-15 12:40:55,154 TRACE [main] jdbc.BaseJdbcLogger (BaseJdbcLogger.java:151) - <==        Row: 39, 张三6, 20, 1, 湖南
2017-02-15 12:40:55,154 TRACE [main] jdbc.BaseJdbcLogger (BaseJdbcLogger.java:151) - <==        Row: 40, 张三7, 21, 0, 山东
2017-02-15 12:40:55,154 TRACE [main] jdbc.BaseJdbcLogger (BaseJdbcLogger.java:151) - <==        Row: 41, 张三8, 18, 0, 湖北
2017-02-15 12:40:55,154 TRACE [main] jdbc.BaseJdbcLogger (BaseJdbcLogger.java:151) - <==        Row: 42, 张三9, 20, 0, 广东
2017-02-15 12:40:55,155 TRACE [main] jdbc.BaseJdbcLogger (BaseJdbcLogger.java:151) - <==        Row: 43, 张三0, 22, 1, 湖南
2017-02-15 12:40:55,156 TRACE [main] jdbc.BaseJdbcLogger (BaseJdbcLogger.java:151) - <==        Row: 44, 张三1, 21, 0, 山东
2017-02-15 12:40:55,156 TRACE [main] jdbc.BaseJdbcLogger (BaseJdbcLogger.java:151) - <==        Row: 45, 张三2, 21, 1, 山东
2017-02-15 12:40:55,156 TRACE [main] jdbc.BaseJdbcLogger (BaseJdbcLogger.java:151) - <==        Row: 46, 张三3, 19, 0, 湖北
2017-02-15 12:40:55,156 TRACE [main] jdbc.BaseJdbcLogger (BaseJdbcLogger.java:151) - <==        Row: 47, 张三4, 19, 1, 湖南
2017-02-15 12:40:55,157 TRACE [main] jdbc.BaseJdbcLogger (BaseJdbcLogger.java:151) - <==        Row: 48, 张三5, 21, 1, 湖北
2017-02-15 12:40:55,157 TRACE [main] jdbc.BaseJdbcLogger (BaseJdbcLogger.java:151) - <==        Row: 49, 张三6, 20, 0, 湖南
2017-02-15 12:40:55,157 TRACE [main] jdbc.BaseJdbcLogger (BaseJdbcLogger.java:151) - <==        Row: 50, 张三7, 18, 1, 山东
2017-02-15 12:40:55,158 TRACE [main] jdbc.BaseJdbcLogger (BaseJdbcLogger.java:151) - <==        Row: 51, 张三8, 22, 1, 山东
2017-02-15 12:40:55,158 TRACE [main] jdbc.BaseJdbcLogger (BaseJdbcLogger.java:151) - <==        Row: 52, 张三9, 22, 1, 广东
2017-02-15 12:40:55,159 DEBUG [main] jdbc.BaseJdbcLogger (BaseJdbcLogger.java:145) - <==      Total: 50
2017-02-15 12:40:55,161 DEBUG [main] jdbc.BaseJdbcLogger (BaseJdbcLogger.java:145) - ==>  Preparing: select * from student WHERE sage=? 
2017-02-15 12:40:55,162 DEBUG [main] jdbc.BaseJdbcLogger (BaseJdbcLogger.java:145) - ==> Parameters: 20(Integer)
2017-02-15 12:40:55,166 TRACE [main] jdbc.BaseJdbcLogger (BaseJdbcLogger.java:151) - <==    Columns: SID, SNAME, SAGE, SEX, ADDRESS
2017-02-15 12:40:55,166 TRACE [main] jdbc.BaseJdbcLogger (BaseJdbcLogger.java:151) - <==        Row: 13, 张三0, 20, 0, 湖北
2017-02-15 12:40:55,167 TRACE [main] jdbc.BaseJdbcLogger (BaseJdbcLogger.java:151) - <==        Row: 19, 张三6, 20, 0, 广东
2017-02-15 12:40:55,167 TRACE [main] jdbc.BaseJdbcLogger (BaseJdbcLogger.java:151) - <==        Row: 29, 张三6, 20, 0, 湖北
2017-02-15 12:40:55,167 TRACE [main] jdbc.BaseJdbcLogger (BaseJdbcLogger.java:151) - <==        Row: 31, 张三8, 20, 1, 广东
2017-02-15 12:40:55,167 TRACE [main] jdbc.BaseJdbcLogger (BaseJdbcLogger.java:151) - <==        Row: 39, 张三6, 20, 1, 湖南
2017-02-15 12:40:55,168 TRACE [main] jdbc.BaseJdbcLogger (BaseJdbcLogger.java:151) - <==        Row: 42, 张三9, 20, 0, 广东
2017-02-15 12:40:55,168 TRACE [main] jdbc.BaseJdbcLogger (BaseJdbcLogger.java:151) - <==        Row: 49, 张三6, 20, 0, 湖南
2017-02-15 12:40:55,168 DEBUG [main] jdbc.BaseJdbcLogger (BaseJdbcLogger.java:145) - <==      Total: 7
2017-02-15 12:40:55,169 DEBUG [main] jdbc.BaseJdbcLogger (BaseJdbcLogger.java:145) - ==>  Preparing: select * from student WHERE sage=? 
2017-02-15 12:40:55,169 DEBUG [main] jdbc.BaseJdbcLogger (BaseJdbcLogger.java:145) - ==> Parameters: 20(Integer)
2017-02-15 12:40:55,170 TRACE [main] jdbc.BaseJdbcLogger (BaseJdbcLogger.java:151) - <==    Columns: SID, SNAME, SAGE, SEX, ADDRESS
2017-02-15 12:40:55,171 TRACE [main] jdbc.BaseJdbcLogger (BaseJdbcLogger.java:151) - <==        Row: 13, 张三0, 20, 0, 湖北
2017-02-15 12:40:55,171 TRACE [main] jdbc.BaseJdbcLogger (BaseJdbcLogger.java:151) - <==        Row: 19, 张三6, 20, 0, 广东
2017-02-15 12:40:55,171 TRACE [main] jdbc.BaseJdbcLogger (BaseJdbcLogger.java:151) - <==        Row: 29, 张三6, 20, 0, 湖北
2017-02-15 12:40:55,172 TRACE [main] jdbc.BaseJdbcLogger (BaseJdbcLogger.java:151) - <==        Row: 31, 张三8, 20, 1, 广东
2017-02-15 12:40:55,172 TRACE [main] jdbc.BaseJdbcLogger (BaseJdbcLogger.java:151) - <==        Row: 39, 张三6, 20, 1, 湖南
2017-02-15 12:40:55,172 TRACE [main] jdbc.BaseJdbcLogger (BaseJdbcLogger.java:151) - <==        Row: 42, 张三9, 20, 0, 广东
2017-02-15 12:40:55,173 TRACE [main] jdbc.BaseJdbcLogger (BaseJdbcLogger.java:151) - <==        Row: 49, 张三6, 20, 0, 湖南
2017-02-15 12:40:55,173 DEBUG [main] jdbc.BaseJdbcLogger (BaseJdbcLogger.java:145) - <==      Total: 7
2017-02-15 12:43:16,769 DEBUG [main] jdbc.BaseJdbcLogger (BaseJdbcLogger.java:145) - ==>  Preparing: select * from student 
2017-02-15 12:43:16,901 DEBUG [main] jdbc.BaseJdbcLogger (BaseJdbcLogger.java:145) - ==> Parameters: 
2017-02-15 12:43:16,932 TRACE [main] jdbc.BaseJdbcLogger (BaseJdbcLogger.java:151) - <==    Columns: SID, SNAME, SAGE, SEX, ADDRESS
2017-02-15 12:43:16,937 TRACE [main] jdbc.BaseJdbcLogger (BaseJdbcLogger.java:151) - <==        Row: 3, 张三0, 19, 0, 湖北
2017-02-15 12:43:16,938 TRACE [main] jdbc.BaseJdbcLogger (BaseJdbcLogger.java:151) - <==        Row: 4, 张三1, 21, 0, 山东
2017-02-15 12:43:16,939 TRACE [main] jdbc.BaseJdbcLogger (BaseJdbcLogger.java:151) - <==        Row: 5, 张三2, 21, 0, 山东
2017-02-15 12:43:16,939 TRACE [main] jdbc.BaseJdbcLogger (BaseJdbcLogger.java:151) - <==        Row: 6, 张三3, 18, 0, 湖南
2017-02-15 12:43:16,940 TRACE [main] jdbc.BaseJdbcLogger (BaseJdbcLogger.java:151) - <==        Row: 7, 张三4, 19, 1, 山东
2017-02-15 12:43:16,940 TRACE [main] jdbc.BaseJdbcLogger (BaseJdbcLogger.java:151) - <==        Row: 8, 张三5, 18, 0, 广东
2017-02-15 12:43:16,941 TRACE [main] jdbc.BaseJdbcLogger (BaseJdbcLogger.java:151) - <==        Row: 9, 张三6, 19, 1, 湖北
2017-02-15 12:43:16,941 TRACE [main] jdbc.BaseJdbcLogger (BaseJdbcLogger.java:151) - <==        Row: 10, 张三7, 19, 1, 湖南
2017-02-15 12:43:16,942 TRACE [main] jdbc.BaseJdbcLogger (BaseJdbcLogger.java:151) - <==        Row: 11, 张三8, 21, 1, 湖南
2017-02-15 12:43:16,942 TRACE [main] jdbc.BaseJdbcLogger (BaseJdbcLogger.java:151) - <==        Row: 12, 张三9, 21, 1, 湖南
2017-02-15 12:43:16,943 TRACE [main] jdbc.BaseJdbcLogger (BaseJdbcLogger.java:151) - <==        Row: 13, 张三0, 20, 0, 湖北
2017-02-15 12:43:16,944 TRACE [main] jdbc.BaseJdbcLogger (BaseJdbcLogger.java:151) - <==        Row: 14, 张三1, 21, 0, 山东
2017-02-15 12:43:16,945 TRACE [main] jdbc.BaseJdbcLogger (BaseJdbcLogger.java:151) - <==        Row: 15, 张三2, 19, 0, 广东
2017-02-15 12:43:16,946 TRACE [main] jdbc.BaseJdbcLogger (BaseJdbcLogger.java:151) - <==        Row: 16, 张三3, 22, 1, 湖北
2017-02-15 12:43:16,946 TRACE [main] jdbc.BaseJdbcLogger (BaseJdbcLogger.java:151) - <==        Row: 17, 张三4, 19, 0, 湖南
2017-02-15 12:43:16,947 TRACE [main] jdbc.BaseJdbcLogger (BaseJdbcLogger.java:151) - <==        Row: 18, 张三5, 22, 0, 广东
2017-02-15 12:43:16,952 TRACE [main] jdbc.BaseJdbcLogger (BaseJdbcLogger.java:151) - <==        Row: 19, 张三6, 20, 0, 广东
2017-02-15 12:43:16,953 TRACE [main] jdbc.BaseJdbcLogger (BaseJdbcLogger.java:151) - <==        Row: 20, 张三7, 22, 0, 广东
2017-02-15 12:43:16,953 TRACE [main] jdbc.BaseJdbcLogger (BaseJdbcLogger.java:151) - <==        Row: 21, 张三8, 22, 1, 湖南
2017-02-15 12:43:16,954 TRACE [main] jdbc.BaseJdbcLogger (BaseJdbcLogger.java:151) - <==        Row: 22, 张三9, 18, 0, 湖北
2017-02-15 12:43:16,955 TRACE [main] jdbc.BaseJdbcLogger (BaseJdbcLogger.java:151) - <==        Row: 23, 张三0, 19, 0, 广东
2017-02-15 12:43:16,956 TRACE [main] jdbc.BaseJdbcLogger (BaseJdbcLogger.java:151) - <==        Row: 24, 张三1, 21, 0, 湖南
2017-02-15 12:43:16,956 TRACE [main] jdbc.BaseJdbcLogger (BaseJdbcLogger.java:151) - <==        Row: 25, 张三2, 22, 0, 广东
2017-02-15 12:43:16,957 TRACE [main] jdbc.BaseJdbcLogger (BaseJdbcLogger.java:151) - <==        Row: 26, 张三3, 22, 0, 湖北
2017-02-15 12:43:16,957 TRACE [main] jdbc.BaseJdbcLogger (BaseJdbcLogger.java:151) - <==        Row: 27, 张三4, 22, 0, 湖北
2017-02-15 12:43:16,958 TRACE [main] jdbc.BaseJdbcLogger (BaseJdbcLogger.java:151) - <==        Row: 28, 张三5, 19, 1, 山东
2017-02-15 12:43:16,958 TRACE [main] jdbc.BaseJdbcLogger (BaseJdbcLogger.java:151) - <==        Row: 29, 张三6, 20, 0, 湖北
2017-02-15 12:43:16,958 TRACE [main] jdbc.BaseJdbcLogger (BaseJdbcLogger.java:151) - <==        Row: 30, 张三7, 22, 1, 湖北
2017-02-15 12:43:16,959 TRACE [main] jdbc.BaseJdbcLogger (BaseJdbcLogger.java:151) - <==        Row: 31, 张三8, 20, 1, 广东
2017-02-15 12:43:16,959 TRACE [main] jdbc.BaseJdbcLogger (BaseJdbcLogger.java:151) - <==        Row: 32, 张三9, 19, 0, 湖北
2017-02-15 12:43:16,960 TRACE [main] jdbc.BaseJdbcLogger (BaseJdbcLogger.java:151) - <==        Row: 33, 张三0, 22, 1, 湖南
2017-02-15 12:43:16,960 TRACE [main] jdbc.BaseJdbcLogger (BaseJdbcLogger.java:151) - <==        Row: 34, 张三1, 18, 1, 湖北
2017-02-15 12:43:16,960 TRACE [main] jdbc.BaseJdbcLogger (BaseJdbcLogger.java:151) - <==        Row: 35, 张三2, 22, 1, 湖北
2017-02-15 12:43:16,960 TRACE [main] jdbc.BaseJdbcLogger (BaseJdbcLogger.java:151) - <==        Row: 36, 张三3, 22, 0, 广东
2017-02-15 12:43:16,961 TRACE [main] jdbc.BaseJdbcLogger (BaseJdbcLogger.java:151) - <==        Row: 37, 张三4, 19, 1, 山东
2017-02-15 12:43:16,961 TRACE [main] jdbc.BaseJdbcLogger (BaseJdbcLogger.java:151) - <==        Row: 38, 张三5, 22, 0, 湖北
2017-02-15 12:43:16,961 TRACE [main] jdbc.BaseJdbcLogger (BaseJdbcLogger.java:151) - <==        Row: 39, 张三6, 20, 1, 湖南
2017-02-15 12:43:16,961 TRACE [main] jdbc.BaseJdbcLogger (BaseJdbcLogger.java:151) - <==        Row: 40, 张三7, 21, 0, 山东
2017-02-15 12:43:16,961 TRACE [main] jdbc.BaseJdbcLogger (BaseJdbcLogger.java:151) - <==        Row: 41, 张三8, 18, 0, 湖北
2017-02-15 12:43:16,962 TRACE [main] jdbc.BaseJdbcLogger (BaseJdbcLogger.java:151) - <==        Row: 42, 张三9, 20, 0, 广东
2017-02-15 12:43:16,962 TRACE [main] jdbc.BaseJdbcLogger (BaseJdbcLogger.java:151) - <==        Row: 43, 张三0, 22, 1, 湖南
2017-02-15 12:43:16,962 TRACE [main] jdbc.BaseJdbcLogger (BaseJdbcLogger.java:151) - <==        Row: 44, 张三1, 21, 0, 山东
2017-02-15 12:43:16,963 TRACE [main] jdbc.BaseJdbcLogger (BaseJdbcLogger.java:151) - <==        Row: 45, 张三2, 21, 1, 山东
2017-02-15 12:43:16,963 TRACE [main] jdbc.BaseJdbcLogger (BaseJdbcLogger.java:151) - <==        Row: 46, 张三3, 19, 0, 湖北
2017-02-15 12:43:16,963 TRACE [main] jdbc.BaseJdbcLogger (BaseJdbcLogger.java:151) - <==        Row: 47, 张三4, 19, 1, 湖南
2017-02-15 12:43:16,963 TRACE [main] jdbc.BaseJdbcLogger (BaseJdbcLogger.java:151) - <==        Row: 48, 张三5, 21, 1, 湖北
2017-02-15 12:43:16,964 TRACE [main] jdbc.BaseJdbcLogger (BaseJdbcLogger.java:151) - <==        Row: 49, 张三6, 20, 0, 湖南
2017-02-15 12:43:16,964 TRACE [main] jdbc.BaseJdbcLogger (BaseJdbcLogger.java:151) - <==        Row: 50, 张三7, 18, 1, 山东
2017-02-15 12:43:16,964 TRACE [main] jdbc.BaseJdbcLogger (BaseJdbcLogger.java:151) - <==        Row: 51, 张三8, 22, 1, 山东
2017-02-15 12:43:16,964 TRACE [main] jdbc.BaseJdbcLogger (BaseJdbcLogger.java:151) - <==        Row: 52, 张三9, 22, 1, 广东
2017-02-15 12:43:16,965 DEBUG [main] jdbc.BaseJdbcLogger (BaseJdbcLogger.java:145) - <==      Total: 50
2017-02-15 12:43:16,968 DEBUG [main] jdbc.BaseJdbcLogger (BaseJdbcLogger.java:145) - ==>  Preparing: select * from student WHERE sage=? 
2017-02-15 12:43:16,968 DEBUG [main] jdbc.BaseJdbcLogger (BaseJdbcLogger.java:145) - ==> Parameters: 20(Integer)
2017-02-15 12:43:16,969 TRACE [main] jdbc.BaseJdbcLogger (BaseJdbcLogger.java:151) - <==    Columns: SID, SNAME, SAGE, SEX, ADDRESS
2017-02-15 12:43:16,970 TRACE [main] jdbc.BaseJdbcLogger (BaseJdbcLogger.java:151) - <==        Row: 13, 张三0, 20, 0, 湖北
2017-02-15 12:43:16,970 TRACE [main] jdbc.BaseJdbcLogger (BaseJdbcLogger.java:151) - <==        Row: 19, 张三6, 20, 0, 广东
2017-02-15 12:43:16,970 TRACE [main] jdbc.BaseJdbcLogger (BaseJdbcLogger.java:151) - <==        Row: 29, 张三6, 20, 0, 湖北
2017-02-15 12:43:16,970 TRACE [main] jdbc.BaseJdbcLogger (BaseJdbcLogger.java:151) - <==        Row: 31, 张三8, 20, 1, 广东
2017-02-15 12:43:16,971 TRACE [main] jdbc.BaseJdbcLogger (BaseJdbcLogger.java:151) - <==        Row: 39, 张三6, 20, 1, 湖南
2017-02-15 12:43:16,971 TRACE [main] jdbc.BaseJdbcLogger (BaseJdbcLogger.java:151) - <==        Row: 42, 张三9, 20, 0, 广东
2017-02-15 12:43:16,971 TRACE [main] jdbc.BaseJdbcLogger (BaseJdbcLogger.java:151) - <==        Row: 49, 张三6, 20, 0, 湖南
2017-02-15 12:43:16,971 DEBUG [main] jdbc.BaseJdbcLogger (BaseJdbcLogger.java:145) - <==      Total: 7
2017-02-15 12:43:16,972 DEBUG [main] jdbc.BaseJdbcLogger (BaseJdbcLogger.java:145) - ==>  Preparing: select * from student WHERE sage=? 
2017-02-15 12:43:16,972 DEBUG [main] jdbc.BaseJdbcLogger (BaseJdbcLogger.java:145) - ==> Parameters: 20(Integer)
2017-02-15 12:43:16,973 TRACE [main] jdbc.BaseJdbcLogger (BaseJdbcLogger.java:151) - <==    Columns: SID, SNAME, SAGE, SEX, ADDRESS
2017-02-15 12:43:16,973 TRACE [main] jdbc.BaseJdbcLogger (BaseJdbcLogger.java:151) - <==        Row: 13, 张三0, 20, 0, 湖北
2017-02-15 12:43:16,974 TRACE [main] jdbc.BaseJdbcLogger (BaseJdbcLogger.java:151) - <==        Row: 19, 张三6, 20, 0, 广东
2017-02-15 12:43:16,974 TRACE [main] jdbc.BaseJdbcLogger (BaseJdbcLogger.java:151) - <==        Row: 29, 张三6, 20, 0, 湖北
2017-02-15 12:43:16,974 TRACE [main] jdbc.BaseJdbcLogger (BaseJdbcLogger.java:151) - <==        Row: 31, 张三8, 20, 1, 广东
2017-02-15 12:43:16,974 TRACE [main] jdbc.BaseJdbcLogger (BaseJdbcLogger.java:151) - <==        Row: 39, 张三6, 20, 1, 湖南
2017-02-15 12:43:16,974 TRACE [main] jdbc.BaseJdbcLogger (BaseJdbcLogger.java:151) - <==        Row: 42, 张三9, 20, 0, 广东
2017-02-15 12:43:16,975 TRACE [main] jdbc.BaseJdbcLogger (BaseJdbcLogger.java:151) - <==        Row: 49, 张三6, 20, 0, 湖南
2017-02-15 12:43:16,975 DEBUG [main] jdbc.BaseJdbcLogger (BaseJdbcLogger.java:145) - <==      Total: 7
2017-02-15 12:44:23,970 DEBUG [main] jdbc.BaseJdbcLogger (BaseJdbcLogger.java:145) - ==>  Preparing: select * from student 
2017-02-15 12:44:24,074 DEBUG [main] jdbc.BaseJdbcLogger (BaseJdbcLogger.java:145) - ==> Parameters: 
2017-02-15 12:44:24,105 TRACE [main] jdbc.BaseJdbcLogger (BaseJdbcLogger.java:151) - <==    Columns: SID, SNAME, SAGE, SEX, ADDRESS
2017-02-15 12:44:24,110 TRACE [main] jdbc.BaseJdbcLogger (BaseJdbcLogger.java:151) - <==        Row: 3, 张三0, 19, 0, 湖北
2017-02-15 12:44:24,111 TRACE [main] jdbc.BaseJdbcLogger (BaseJdbcLogger.java:151) - <==        Row: 4, 张三1, 21, 0, 山东
2017-02-15 12:44:24,111 TRACE [main] jdbc.BaseJdbcLogger (BaseJdbcLogger.java:151) - <==        Row: 5, 张三2, 21, 0, 山东
2017-02-15 12:44:24,112 TRACE [main] jdbc.BaseJdbcLogger (BaseJdbcLogger.java:151) - <==        Row: 6, 张三3, 18, 0, 湖南
2017-02-15 12:44:24,112 TRACE [main] jdbc.BaseJdbcLogger (BaseJdbcLogger.java:151) - <==        Row: 7, 张三4, 19, 1, 山东
2017-02-15 12:44:24,113 TRACE [main] jdbc.BaseJdbcLogger (BaseJdbcLogger.java:151) - <==        Row: 8, 张三5, 18, 0, 广东
2017-02-15 12:44:24,113 TRACE [main] jdbc.BaseJdbcLogger (BaseJdbcLogger.java:151) - <==        Row: 9, 张三6, 19, 1, 湖北
2017-02-15 12:44:24,114 TRACE [main] jdbc.BaseJdbcLogger (BaseJdbcLogger.java:151) - <==        Row: 10, 张三7, 19, 1, 湖南
2017-02-15 12:44:24,115 TRACE [main] jdbc.BaseJdbcLogger (BaseJdbcLogger.java:151) - <==        Row: 11, 张三8, 21, 1, 湖南
2017-02-15 12:44:24,115 TRACE [main] jdbc.BaseJdbcLogger (BaseJdbcLogger.java:151) - <==        Row: 12, 张三9, 21, 1, 湖南
2017-02-15 12:44:24,118 TRACE [main] jdbc.BaseJdbcLogger (BaseJdbcLogger.java:151) - <==        Row: 13, 张三0, 20, 0, 湖北
2017-02-15 12:44:24,119 TRACE [main] jdbc.BaseJdbcLogger (BaseJdbcLogger.java:151) - <==        Row: 14, 张三1, 21, 0, 山东
2017-02-15 12:44:24,120 TRACE [main] jdbc.BaseJdbcLogger (BaseJdbcLogger.java:151) - <==        Row: 15, 张三2, 19, 0, 广东
2017-02-15 12:44:24,120 TRACE [main] jdbc.BaseJdbcLogger (BaseJdbcLogger.java:151) - <==        Row: 16, 张三3, 22, 1, 湖北
2017-02-15 12:44:24,121 TRACE [main] jdbc.BaseJdbcLogger (BaseJdbcLogger.java:151) - <==        Row: 17, 张三4, 19, 0, 湖南
2017-02-15 12:44:24,122 TRACE [main] jdbc.BaseJdbcLogger (BaseJdbcLogger.java:151) - <==        Row: 18, 张三5, 22, 0, 广东
2017-02-15 12:44:24,125 TRACE [main] jdbc.BaseJdbcLogger (BaseJdbcLogger.java:151) - <==        Row: 19, 张三6, 20, 0, 广东
2017-02-15 12:44:24,126 TRACE [main] jdbc.BaseJdbcLogger (BaseJdbcLogger.java:151) - <==        Row: 20, 张三7, 22, 0, 广东
2017-02-15 12:44:24,127 TRACE [main] jdbc.BaseJdbcLogger (BaseJdbcLogger.java:151) - <==        Row: 21, 张三8, 22, 1, 湖南
2017-02-15 12:44:24,127 TRACE [main] jdbc.BaseJdbcLogger (BaseJdbcLogger.java:151) - <==        Row: 22, 张三9, 18, 0, 湖北
2017-02-15 12:44:24,128 TRACE [main] jdbc.BaseJdbcLogger (BaseJdbcLogger.java:151) - <==        Row: 23, 张三0, 19, 0, 广东
2017-02-15 12:44:24,129 TRACE [main] jdbc.BaseJdbcLogger (BaseJdbcLogger.java:151) - <==        Row: 24, 张三1, 21, 0, 湖南
2017-02-15 12:44:24,129 TRACE [main] jdbc.BaseJdbcLogger (BaseJdbcLogger.java:151) - <==        Row: 25, 张三2, 22, 0, 广东
2017-02-15 12:44:24,130 TRACE [main] jdbc.BaseJdbcLogger (BaseJdbcLogger.java:151) - <==        Row: 26, 张三3, 22, 0, 湖北
2017-02-15 12:44:24,130 TRACE [main] jdbc.BaseJdbcLogger (BaseJdbcLogger.java:151) - <==        Row: 27, 张三4, 22, 0, 湖北
2017-02-15 12:44:24,130 TRACE [main] jdbc.BaseJdbcLogger (BaseJdbcLogger.java:151) - <==        Row: 28, 张三5, 19, 1, 山东
2017-02-15 12:44:24,131 TRACE [main] jdbc.BaseJdbcLogger (BaseJdbcLogger.java:151) - <==        Row: 29, 张三6, 20, 0, 湖北
2017-02-15 12:44:24,131 TRACE [main] jdbc.BaseJdbcLogger (BaseJdbcLogger.java:151) - <==        Row: 30, 张三7, 22, 1, 湖北
2017-02-15 12:44:24,132 TRACE [main] jdbc.BaseJdbcLogger (BaseJdbcLogger.java:151) - <==        Row: 31, 张三8, 20, 1, 广东
2017-02-15 12:44:24,132 TRACE [main] jdbc.BaseJdbcLogger (BaseJdbcLogger.java:151) - <==        Row: 32, 张三9, 19, 0, 湖北
2017-02-15 12:44:24,133 TRACE [main] jdbc.BaseJdbcLogger (BaseJdbcLogger.java:151) - <==        Row: 33, 张三0, 22, 1, 湖南
2017-02-15 12:44:24,133 TRACE [main] jdbc.BaseJdbcLogger (BaseJdbcLogger.java:151) - <==        Row: 34, 张三1, 18, 1, 湖北
2017-02-15 12:44:24,133 TRACE [main] jdbc.BaseJdbcLogger (BaseJdbcLogger.java:151) - <==        Row: 35, 张三2, 22, 1, 湖北
2017-02-15 12:44:24,134 TRACE [main] jdbc.BaseJdbcLogger (BaseJdbcLogger.java:151) - <==        Row: 36, 张三3, 22, 0, 广东
2017-02-15 12:44:24,134 TRACE [main] jdbc.BaseJdbcLogger (BaseJdbcLogger.java:151) - <==        Row: 37, 张三4, 19, 1, 山东
2017-02-15 12:44:24,134 TRACE [main] jdbc.BaseJdbcLogger (BaseJdbcLogger.java:151) - <==        Row: 38, 张三5, 22, 0, 湖北
2017-02-15 12:44:24,134 TRACE [main] jdbc.BaseJdbcLogger (BaseJdbcLogger.java:151) - <==        Row: 39, 张三6, 20, 1, 湖南
2017-02-15 12:44:24,135 TRACE [main] jdbc.BaseJdbcLogger (BaseJdbcLogger.java:151) - <==        Row: 40, 张三7, 21, 0, 山东
2017-02-15 12:44:24,135 TRACE [main] jdbc.BaseJdbcLogger (BaseJdbcLogger.java:151) - <==        Row: 41, 张三8, 18, 0, 湖北
2017-02-15 12:44:24,135 TRACE [main] jdbc.BaseJdbcLogger (BaseJdbcLogger.java:151) - <==        Row: 42, 张三9, 20, 0, 广东
2017-02-15 12:44:24,136 TRACE [main] jdbc.BaseJdbcLogger (BaseJdbcLogger.java:151) - <==        Row: 43, 张三0, 22, 1, 湖南
2017-02-15 12:44:24,136 TRACE [main] jdbc.BaseJdbcLogger (BaseJdbcLogger.java:151) - <==        Row: 44, 张三1, 21, 0, 山东
2017-02-15 12:44:24,136 TRACE [main] jdbc.BaseJdbcLogger (BaseJdbcLogger.java:151) - <==        Row: 45, 张三2, 21, 1, 山东
2017-02-15 12:44:24,137 TRACE [main] jdbc.BaseJdbcLogger (BaseJdbcLogger.java:151) - <==        Row: 46, 张三3, 19, 0, 湖北
2017-02-15 12:44:24,137 TRACE [main] jdbc.BaseJdbcLogger (BaseJdbcLogger.java:151) - <==        Row: 47, 张三4, 19, 1, 湖南
2017-02-15 12:44:24,137 TRACE [main] jdbc.BaseJdbcLogger (BaseJdbcLogger.java:151) - <==        Row: 48, 张三5, 21, 1, 湖北
2017-02-15 12:44:24,137 TRACE [main] jdbc.BaseJdbcLogger (BaseJdbcLogger.java:151) - <==        Row: 49, 张三6, 20, 0, 湖南
2017-02-15 12:44:24,138 TRACE [main] jdbc.BaseJdbcLogger (BaseJdbcLogger.java:151) - <==        Row: 50, 张三7, 18, 1, 山东
2017-02-15 12:44:24,138 TRACE [main] jdbc.BaseJdbcLogger (BaseJdbcLogger.java:151) - <==        Row: 51, 张三8, 22, 1, 山东
2017-02-15 12:44:24,138 TRACE [main] jdbc.BaseJdbcLogger (BaseJdbcLogger.java:151) - <==        Row: 52, 张三9, 22, 1, 广东
2017-02-15 12:44:24,138 DEBUG [main] jdbc.BaseJdbcLogger (BaseJdbcLogger.java:145) - <==      Total: 50
2017-02-15 12:44:24,140 DEBUG [main] jdbc.BaseJdbcLogger (BaseJdbcLogger.java:145) - ==>  Preparing: select * from student WHERE sage=? 
2017-02-15 12:44:24,141 DEBUG [main] jdbc.BaseJdbcLogger (BaseJdbcLogger.java:145) - ==> Parameters: 20(Integer)
2017-02-15 12:44:24,142 TRACE [main] jdbc.BaseJdbcLogger (BaseJdbcLogger.java:151) - <==    Columns: SID, SNAME, SAGE, SEX, ADDRESS
2017-02-15 12:44:24,142 TRACE [main] jdbc.BaseJdbcLogger (BaseJdbcLogger.java:151) - <==        Row: 13, 张三0, 20, 0, 湖北
2017-02-15 12:44:24,142 TRACE [main] jdbc.BaseJdbcLogger (BaseJdbcLogger.java:151) - <==        Row: 19, 张三6, 20, 0, 广东
2017-02-15 12:44:24,143 TRACE [main] jdbc.BaseJdbcLogger (BaseJdbcLogger.java:151) - <==        Row: 29, 张三6, 20, 0, 湖北
2017-02-15 12:44:24,143 TRACE [main] jdbc.BaseJdbcLogger (BaseJdbcLogger.java:151) - <==        Row: 31, 张三8, 20, 1, 广东
2017-02-15 12:44:24,143 TRACE [main] jdbc.BaseJdbcLogger (BaseJdbcLogger.java:151) - <==        Row: 39, 张三6, 20, 1, 湖南
2017-02-15 12:44:24,143 TRACE [main] jdbc.BaseJdbcLogger (BaseJdbcLogger.java:151) - <==        Row: 42, 张三9, 20, 0, 广东
2017-02-15 12:44:24,144 TRACE [main] jdbc.BaseJdbcLogger (BaseJdbcLogger.java:151) - <==        Row: 49, 张三6, 20, 0, 湖南
2017-02-15 12:44:24,144 DEBUG [main] jdbc.BaseJdbcLogger (BaseJdbcLogger.java:145) - <==      Total: 7
2017-02-15 12:44:24,144 DEBUG [main] jdbc.BaseJdbcLogger (BaseJdbcLogger.java:145) - ==>  Preparing: select * from student WHERE sage=? 
2017-02-15 12:44:24,145 DEBUG [main] jdbc.BaseJdbcLogger (BaseJdbcLogger.java:145) - ==> Parameters: 20(Integer)
2017-02-15 12:44:24,145 TRACE [main] jdbc.BaseJdbcLogger (BaseJdbcLogger.java:151) - <==    Columns: SID, SNAME, SAGE, SEX, ADDRESS
2017-02-15 12:44:24,146 TRACE [main] jdbc.BaseJdbcLogger (BaseJdbcLogger.java:151) - <==        Row: 13, 张三0, 20, 0, 湖北
2017-02-15 12:44:24,146 TRACE [main] jdbc.BaseJdbcLogger (BaseJdbcLogger.java:151) - <==        Row: 19, 张三6, 20, 0, 广东
2017-02-15 12:44:24,147 TRACE [main] jdbc.BaseJdbcLogger (BaseJdbcLogger.java:151) - <==        Row: 29, 张三6, 20, 0, 湖北
2017-02-15 12:44:24,147 TRACE [main] jdbc.BaseJdbcLogger (BaseJdbcLogger.java:151) - <==        Row: 31, 张三8, 20, 1, 广东
2017-02-15 12:44:24,147 TRACE [main] jdbc.BaseJdbcLogger (BaseJdbcLogger.java:151) - <==        Row: 39, 张三6, 20, 1, 湖南
2017-02-15 12:44:24,147 TRACE [main] jdbc.BaseJdbcLogger (BaseJdbcLogger.java:151) - <==        Row: 42, 张三9, 20, 0, 广东
2017-02-15 12:44:24,148 TRACE [main] jdbc.BaseJdbcLogger (BaseJdbcLogger.java:151) - <==        Row: 49, 张三6, 20, 0, 湖南
2017-02-15 12:44:24,148 DEBUG [main] jdbc.BaseJdbcLogger (BaseJdbcLogger.java:145) - <==      Total: 7
2017-02-15 12:44:24,149 DEBUG [main] jdbc.BaseJdbcLogger (BaseJdbcLogger.java:145) - ==>  Preparing: select * from student WHERE sage=? 
2017-02-15 12:44:24,149 DEBUG [main] jdbc.BaseJdbcLogger (BaseJdbcLogger.java:145) - ==> Parameters: 20(Integer)
2017-02-15 12:44:24,150 TRACE [main] jdbc.BaseJdbcLogger (BaseJdbcLogger.java:151) - <==    Columns: SID, SNAME, SAGE, SEX, ADDRESS
2017-02-15 12:44:24,150 TRACE [main] jdbc.BaseJdbcLogger (BaseJdbcLogger.java:151) - <==        Row: 13, 张三0, 20, 0, 湖北
2017-02-15 12:44:24,150 TRACE [main] jdbc.BaseJdbcLogger (BaseJdbcLogger.java:151) - <==        Row: 19, 张三6, 20, 0, 广东
2017-02-15 12:44:24,150 TRACE [main] jdbc.BaseJdbcLogger (BaseJdbcLogger.java:151) - <==        Row: 29, 张三6, 20, 0, 湖北
2017-02-15 12:44:24,151 TRACE [main] jdbc.BaseJdbcLogger (BaseJdbcLogger.java:151) - <==        Row: 31, 张三8, 20, 1, 广东
2017-02-15 12:44:24,151 TRACE [main] jdbc.BaseJdbcLogger (BaseJdbcLogger.java:151) - <==        Row: 39, 张三6, 20, 1, 湖南
2017-02-15 12:44:24,151 TRACE [main] jdbc.BaseJdbcLogger (BaseJdbcLogger.java:151) - <==        Row: 42, 张三9, 20, 0, 广东
2017-02-15 12:44:24,151 TRACE [main] jdbc.BaseJdbcLogger (BaseJdbcLogger.java:151) - <==        Row: 49, 张三6, 20, 0, 湖南
2017-02-15 12:44:24,151 DEBUG [main] jdbc.BaseJdbcLogger (BaseJdbcLogger.java:145) - <==      Total: 7
2017-02-15 12:45:22,458 DEBUG [main] jdbc.BaseJdbcLogger (BaseJdbcLogger.java:145) - ==>  Preparing: select * from student WHERE sage=? 
2017-02-15 12:45:22,590 DEBUG [main] jdbc.BaseJdbcLogger (BaseJdbcLogger.java:145) - ==> Parameters: 20(Integer)
2017-02-15 12:45:22,630 TRACE [main] jdbc.BaseJdbcLogger (BaseJdbcLogger.java:151) - <==    Columns: SID, SNAME, SAGE, SEX, ADDRESS
2017-02-15 12:45:22,636 TRACE [main] jdbc.BaseJdbcLogger (BaseJdbcLogger.java:151) - <==        Row: 13, 张三0, 20, 0, 湖北
2017-02-15 12:45:22,639 TRACE [main] jdbc.BaseJdbcLogger (BaseJdbcLogger.java:151) - <==        Row: 19, 张三6, 20, 0, 广东
2017-02-15 12:45:22,639 TRACE [main] jdbc.BaseJdbcLogger (BaseJdbcLogger.java:151) - <==        Row: 29, 张三6, 20, 0, 湖北
2017-02-15 12:45:22,640 TRACE [main] jdbc.BaseJdbcLogger (BaseJdbcLogger.java:151) - <==        Row: 31, 张三8, 20, 1, 广东
2017-02-15 12:45:22,640 TRACE [main] jdbc.BaseJdbcLogger (BaseJdbcLogger.java:151) - <==        Row: 39, 张三6, 20, 1, 湖南
2017-02-15 12:45:22,641 TRACE [main] jdbc.BaseJdbcLogger (BaseJdbcLogger.java:151) - <==        Row: 42, 张三9, 20, 0, 广东
2017-02-15 12:45:22,642 TRACE [main] jdbc.BaseJdbcLogger (BaseJdbcLogger.java:151) - <==        Row: 49, 张三6, 20, 0, 湖南
2017-02-15 12:45:22,643 DEBUG [main] jdbc.BaseJdbcLogger (BaseJdbcLogger.java:145) - <==      Total: 7
2017-02-15 12:45:22,650 DEBUG [main] jdbc.BaseJdbcLogger (BaseJdbcLogger.java:145) - ==>  Preparing: select * from student WHERE sage=? 
2017-02-15 12:45:22,651 DEBUG [main] jdbc.BaseJdbcLogger (BaseJdbcLogger.java:145) - ==> Parameters: 20(Integer)
2017-02-15 12:45:22,655 TRACE [main] jdbc.BaseJdbcLogger (BaseJdbcLogger.java:151) - <==    Columns: SID, SNAME, SAGE, SEX, ADDRESS
2017-02-15 12:45:22,656 TRACE [main] jdbc.BaseJdbcLogger (BaseJdbcLogger.java:151) - <==        Row: 13, 张三0, 20, 0, 湖北
2017-02-15 12:45:22,657 TRACE [main] jdbc.BaseJdbcLogger (BaseJdbcLogger.java:151) - <==        Row: 19, 张三6, 20, 0, 广东
2017-02-15 12:45:22,658 TRACE [main] jdbc.BaseJdbcLogger (BaseJdbcLogger.java:151) - <==        Row: 29, 张三6, 20, 0, 湖北
2017-02-15 12:45:22,659 TRACE [main] jdbc.BaseJdbcLogger (BaseJdbcLogger.java:151) - <==        Row: 31, 张三8, 20, 1, 广东
2017-02-15 12:45:22,660 TRACE [main] jdbc.BaseJdbcLogger (BaseJdbcLogger.java:151) - <==        Row: 39, 张三6, 20, 1, 湖南
2017-02-15 12:45:22,661 TRACE [main] jdbc.BaseJdbcLogger (BaseJdbcLogger.java:151) - <==        Row: 42, 张三9, 20, 0, 广东
2017-02-15 12:45:22,661 TRACE [main] jdbc.BaseJdbcLogger (BaseJdbcLogger.java:151) - <==        Row: 49, 张三6, 20, 0, 湖南
2017-02-15 12:45:22,662 DEBUG [main] jdbc.BaseJdbcLogger (BaseJdbcLogger.java:145) - <==      Total: 7
2017-02-15 12:45:22,664 DEBUG [main] jdbc.BaseJdbcLogger (BaseJdbcLogger.java:145) - ==>  Preparing: select * from student WHERE sage=? 
2017-02-15 12:45:22,664 DEBUG [main] jdbc.BaseJdbcLogger (BaseJdbcLogger.java:145) - ==> Parameters: 20(Integer)
2017-02-15 12:45:22,666 TRACE [main] jdbc.BaseJdbcLogger (BaseJdbcLogger.java:151) - <==    Columns: SID, SNAME, SAGE, SEX, ADDRESS
2017-02-15 12:45:22,667 TRACE [main] jdbc.BaseJdbcLogger (BaseJdbcLogger.java:151) - <==        Row: 13, 张三0, 20, 0, 湖北
2017-02-15 12:45:22,667 TRACE [main] jdbc.BaseJdbcLogger (BaseJdbcLogger.java:151) - <==        Row: 19, 张三6, 20, 0, 广东
2017-02-15 12:45:22,669 TRACE [main] jdbc.BaseJdbcLogger (BaseJdbcLogger.java:151) - <==        Row: 29, 张三6, 20, 0, 湖北
2017-02-15 12:45:22,670 TRACE [main] jdbc.BaseJdbcLogger (BaseJdbcLogger.java:151) - <==        Row: 31, 张三8, 20, 1, 广东
2017-02-15 12:45:22,671 TRACE [main] jdbc.BaseJdbcLogger (BaseJdbcLogger.java:151) - <==        Row: 39, 张三6, 20, 1, 湖南
2017-02-15 12:45:22,672 TRACE [main] jdbc.BaseJdbcLogger (BaseJdbcLogger.java:151) - <==        Row: 42, 张三9, 20, 0, 广东
2017-02-15 12:45:22,672 TRACE [main] jdbc.BaseJdbcLogger (BaseJdbcLogger.java:151) - <==        Row: 49, 张三6, 20, 0, 湖南
2017-02-15 12:45:22,672 DEBUG [main] jdbc.BaseJdbcLogger (BaseJdbcLogger.java:145) - <==      Total: 7
2017-02-15 12:46:08,273 DEBUG [main] jdbc.BaseJdbcLogger (BaseJdbcLogger.java:145) - ==>  Preparing: select * from student 
2017-02-15 12:46:08,378 DEBUG [main] jdbc.BaseJdbcLogger (BaseJdbcLogger.java:145) - ==> Parameters: 
2017-02-15 12:46:08,410 TRACE [main] jdbc.BaseJdbcLogger (BaseJdbcLogger.java:151) - <==    Columns: SID, SNAME, SAGE, SEX, ADDRESS
2017-02-15 12:46:08,415 TRACE [main] jdbc.BaseJdbcLogger (BaseJdbcLogger.java:151) - <==        Row: 3, 张三0, 19, 0, 湖北
2017-02-15 12:46:08,416 TRACE [main] jdbc.BaseJdbcLogger (BaseJdbcLogger.java:151) - <==        Row: 4, 张三1, 21, 0, 山东
2017-02-15 12:46:08,417 TRACE [main] jdbc.BaseJdbcLogger (BaseJdbcLogger.java:151) - <==        Row: 5, 张三2, 21, 0, 山东
2017-02-15 12:46:08,417 TRACE [main] jdbc.BaseJdbcLogger (BaseJdbcLogger.java:151) - <==        Row: 6, 张三3, 18, 0, 湖南
2017-02-15 12:46:08,418 TRACE [main] jdbc.BaseJdbcLogger (BaseJdbcLogger.java:151) - <==        Row: 7, 张三4, 19, 1, 山东
2017-02-15 12:46:08,418 TRACE [main] jdbc.BaseJdbcLogger (BaseJdbcLogger.java:151) - <==        Row: 8, 张三5, 18, 0, 广东
2017-02-15 12:46:08,419 TRACE [main] jdbc.BaseJdbcLogger (BaseJdbcLogger.java:151) - <==        Row: 9, 张三6, 19, 1, 湖北
2017-02-15 12:46:08,420 TRACE [main] jdbc.BaseJdbcLogger (BaseJdbcLogger.java:151) - <==        Row: 10, 张三7, 19, 1, 湖南
2017-02-15 12:46:08,421 TRACE [main] jdbc.BaseJdbcLogger (BaseJdbcLogger.java:151) - <==        Row: 11, 张三8, 21, 1, 湖南
2017-02-15 12:46:08,421 TRACE [main] jdbc.BaseJdbcLogger (BaseJdbcLogger.java:151) - <==        Row: 12, 张三9, 21, 1, 湖南
2017-02-15 12:46:08,422 TRACE [main] jdbc.BaseJdbcLogger (BaseJdbcLogger.java:151) - <==        Row: 13, 张三0, 20, 0, 湖北
2017-02-15 12:46:08,423 TRACE [main] jdbc.BaseJdbcLogger (BaseJdbcLogger.java:151) - <==        Row: 14, 张三1, 21, 0, 山东
2017-02-15 12:46:08,423 TRACE [main] jdbc.BaseJdbcLogger (BaseJdbcLogger.java:151) - <==        Row: 15, 张三2, 19, 0, 广东
2017-02-15 12:46:08,423 TRACE [main] jdbc.BaseJdbcLogger (BaseJdbcLogger.java:151) - <==        Row: 16, 张三3, 22, 1, 湖北
2017-02-15 12:46:08,424 TRACE [main] jdbc.BaseJdbcLogger (BaseJdbcLogger.java:151) - <==        Row: 17, 张三4, 19, 0, 湖南
2017-02-15 12:46:08,425 TRACE [main] jdbc.BaseJdbcLogger (BaseJdbcLogger.java:151) - <==        Row: 18, 张三5, 22, 0, 广东
2017-02-15 12:46:08,428 TRACE [main] jdbc.BaseJdbcLogger (BaseJdbcLogger.java:151) - <==        Row: 19, 张三6, 20, 0, 广东
2017-02-15 12:46:08,429 TRACE [main] jdbc.BaseJdbcLogger (BaseJdbcLogger.java:151) - <==        Row: 20, 张三7, 22, 0, 广东
2017-02-15 12:46:08,430 TRACE [main] jdbc.BaseJdbcLogger (BaseJdbcLogger.java:151) - <==        Row: 21, 张三8, 22, 1, 湖南
2017-02-15 12:46:08,430 TRACE [main] jdbc.BaseJdbcLogger (BaseJdbcLogger.java:151) - <==        Row: 22, 张三9, 18, 0, 湖北
2017-02-15 12:46:08,431 TRACE [main] jdbc.BaseJdbcLogger (BaseJdbcLogger.java:151) - <==        Row: 23, 张三0, 19, 0, 广东
2017-02-15 12:46:08,432 TRACE [main] jdbc.BaseJdbcLogger (BaseJdbcLogger.java:151) - <==        Row: 24, 张三1, 21, 0, 湖南
2017-02-15 12:46:08,432 TRACE [main] jdbc.BaseJdbcLogger (BaseJdbcLogger.java:151) - <==        Row: 25, 张三2, 22, 0, 广东
2017-02-15 12:46:08,433 TRACE [main] jdbc.BaseJdbcLogger (BaseJdbcLogger.java:151) - <==        Row: 26, 张三3, 22, 0, 湖北
2017-02-15 12:46:08,433 TRACE [main] jdbc.BaseJdbcLogger (BaseJdbcLogger.java:151) - <==        Row: 27, 张三4, 22, 0, 湖北
2017-02-15 12:46:08,433 TRACE [main] jdbc.BaseJdbcLogger (BaseJdbcLogger.java:151) - <==        Row: 28, 张三5, 19, 1, 山东
2017-02-15 12:46:08,433 TRACE [main] jdbc.BaseJdbcLogger (BaseJdbcLogger.java:151) - <==        Row: 29, 张三6, 20, 0, 湖北
2017-02-15 12:46:08,434 TRACE [main] jdbc.BaseJdbcLogger (BaseJdbcLogger.java:151) - <==        Row: 30, 张三7, 22, 1, 湖北
2017-02-15 12:46:08,434 TRACE [main] jdbc.BaseJdbcLogger (BaseJdbcLogger.java:151) - <==        Row: 31, 张三8, 20, 1, 广东
2017-02-15 12:46:08,435 TRACE [main] jdbc.BaseJdbcLogger (BaseJdbcLogger.java:151) - <==        Row: 32, 张三9, 19, 0, 湖北
2017-02-15 12:46:08,435 TRACE [main] jdbc.BaseJdbcLogger (BaseJdbcLogger.java:151) - <==        Row: 33, 张三0, 22, 1, 湖南
2017-02-15 12:46:08,436 TRACE [main] jdbc.BaseJdbcLogger (BaseJdbcLogger.java:151) - <==        Row: 34, 张三1, 18, 1, 湖北
2017-02-15 12:46:08,436 TRACE [main] jdbc.BaseJdbcLogger (BaseJdbcLogger.java:151) - <==        Row: 35, 张三2, 22, 1, 湖北
2017-02-15 12:46:08,436 TRACE [main] jdbc.BaseJdbcLogger (BaseJdbcLogger.java:151) - <==        Row: 36, 张三3, 22, 0, 广东
2017-02-15 12:46:08,437 TRACE [main] jdbc.BaseJdbcLogger (BaseJdbcLogger.java:151) - <==        Row: 37, 张三4, 19, 1, 山东
2017-02-15 12:46:08,437 TRACE [main] jdbc.BaseJdbcLogger (BaseJdbcLogger.java:151) - <==        Row: 38, 张三5, 22, 0, 湖北
2017-02-15 12:46:08,437 TRACE [main] jdbc.BaseJdbcLogger (BaseJdbcLogger.java:151) - <==        Row: 39, 张三6, 20, 1, 湖南
2017-02-15 12:46:08,438 TRACE [main] jdbc.BaseJdbcLogger (BaseJdbcLogger.java:151) - <==        Row: 40, 张三7, 21, 0, 山东
2017-02-15 12:46:08,438 TRACE [main] jdbc.BaseJdbcLogger (BaseJdbcLogger.java:151) - <==        Row: 41, 张三8, 18, 0, 湖北
2017-02-15 12:46:08,438 TRACE [main] jdbc.BaseJdbcLogger (BaseJdbcLogger.java:151) - <==        Row: 42, 张三9, 20, 0, 广东
2017-02-15 12:46:08,439 TRACE [main] jdbc.BaseJdbcLogger (BaseJdbcLogger.java:151) - <==        Row: 43, 张三0, 22, 1, 湖南
2017-02-15 12:46:08,439 TRACE [main] jdbc.BaseJdbcLogger (BaseJdbcLogger.java:151) - <==        Row: 44, 张三1, 21, 0, 山东
2017-02-15 12:46:08,440 TRACE [main] jdbc.BaseJdbcLogger (BaseJdbcLogger.java:151) - <==        Row: 45, 张三2, 21, 1, 山东
2017-02-15 12:46:08,440 TRACE [main] jdbc.BaseJdbcLogger (BaseJdbcLogger.java:151) - <==        Row: 46, 张三3, 19, 0, 湖北
2017-02-15 12:46:08,440 TRACE [main] jdbc.BaseJdbcLogger (BaseJdbcLogger.java:151) - <==        Row: 47, 张三4, 19, 1, 湖南
2017-02-15 12:46:08,440 TRACE [main] jdbc.BaseJdbcLogger (BaseJdbcLogger.java:151) - <==        Row: 48, 张三5, 21, 1, 湖北
2017-02-15 12:46:08,440 TRACE [main] jdbc.BaseJdbcLogger (BaseJdbcLogger.java:151) - <==        Row: 49, 张三6, 20, 0, 湖南
2017-02-15 12:46:08,441 TRACE [main] jdbc.BaseJdbcLogger (BaseJdbcLogger.java:151) - <==        Row: 50, 张三7, 18, 1, 山东
2017-02-15 12:46:08,441 TRACE [main] jdbc.BaseJdbcLogger (BaseJdbcLogger.java:151) - <==        Row: 51, 张三8, 22, 1, 山东
2017-02-15 12:46:08,441 TRACE [main] jdbc.BaseJdbcLogger (BaseJdbcLogger.java:151) - <==        Row: 52, 张三9, 22, 1, 广东
2017-02-15 12:46:08,442 DEBUG [main] jdbc.BaseJdbcLogger (BaseJdbcLogger.java:145) - <==      Total: 50
2017-02-15 12:46:08,444 DEBUG [main] jdbc.BaseJdbcLogger (BaseJdbcLogger.java:145) - ==>  Preparing: update student SET sname=?, sage=?, sex=? where sid=? 
2017-02-15 12:46:08,445 DEBUG [main] jdbc.BaseJdbcLogger (BaseJdbcLogger.java:145) - ==> Parameters: 张三3(String), 20(Integer), 1(Integer), 4(Integer)
2017-02-15 12:46:08,513 DEBUG [main] jdbc.BaseJdbcLogger (BaseJdbcLogger.java:145) - <==    Updates: 1
2017-02-15 12:47:58,502 DEBUG [main] jdbc.BaseJdbcLogger (BaseJdbcLogger.java:145) - ==>  Preparing: select * from student 
2017-02-15 12:47:58,614 DEBUG [main] jdbc.BaseJdbcLogger (BaseJdbcLogger.java:145) - ==> Parameters: 
2017-02-15 12:47:58,646 TRACE [main] jdbc.BaseJdbcLogger (BaseJdbcLogger.java:151) - <==    Columns: SID, SNAME, SAGE, SEX, ADDRESS
2017-02-15 12:47:58,651 TRACE [main] jdbc.BaseJdbcLogger (BaseJdbcLogger.java:151) - <==        Row: 3, 张三0, 19, 0, 湖北
2017-02-15 12:47:58,653 TRACE [main] jdbc.BaseJdbcLogger (BaseJdbcLogger.java:151) - <==        Row: 4, 张三1, 21, 0, 山东
2017-02-15 12:47:58,653 TRACE [main] jdbc.BaseJdbcLogger (BaseJdbcLogger.java:151) - <==        Row: 5, 张三2, 21, 0, 山东
2017-02-15 12:47:58,654 TRACE [main] jdbc.BaseJdbcLogger (BaseJdbcLogger.java:151) - <==        Row: 6, 张三3, 18, 0, 湖南
2017-02-15 12:47:58,654 TRACE [main] jdbc.BaseJdbcLogger (BaseJdbcLogger.java:151) - <==        Row: 7, 张三4, 19, 1, 山东
2017-02-15 12:47:58,655 TRACE [main] jdbc.BaseJdbcLogger (BaseJdbcLogger.java:151) - <==        Row: 8, 张三5, 18, 0, 广东
2017-02-15 12:47:58,655 TRACE [main] jdbc.BaseJdbcLogger (BaseJdbcLogger.java:151) - <==        Row: 9, 张三6, 19, 1, 湖北
2017-02-15 12:47:58,656 TRACE [main] jdbc.BaseJdbcLogger (BaseJdbcLogger.java:151) - <==        Row: 10, 张三7, 19, 1, 湖南
2017-02-15 12:47:58,657 TRACE [main] jdbc.BaseJdbcLogger (BaseJdbcLogger.java:151) - <==        Row: 11, 张三8, 21, 1, 湖南
2017-02-15 12:47:58,657 TRACE [main] jdbc.BaseJdbcLogger (BaseJdbcLogger.java:151) - <==        Row: 12, 张三9, 21, 1, 湖南
2017-02-15 12:47:58,658 TRACE [main] jdbc.BaseJdbcLogger (BaseJdbcLogger.java:151) - <==        Row: 13, 张三0, 20, 0, 湖北
2017-02-15 12:47:58,658 TRACE [main] jdbc.BaseJdbcLogger (BaseJdbcLogger.java:151) - <==        Row: 14, 张三1, 21, 0, 山东
2017-02-15 12:47:58,659 TRACE [main] jdbc.BaseJdbcLogger (BaseJdbcLogger.java:151) - <==        Row: 15, 张三2, 19, 0, 广东
2017-02-15 12:47:58,659 TRACE [main] jdbc.BaseJdbcLogger (BaseJdbcLogger.java:151) - <==        Row: 16, 张三3, 22, 1, 湖北
2017-02-15 12:47:58,659 TRACE [main] jdbc.BaseJdbcLogger (BaseJdbcLogger.java:151) - <==        Row: 17, 张三4, 19, 0, 湖南
2017-02-15 12:47:58,660 TRACE [main] jdbc.BaseJdbcLogger (BaseJdbcLogger.java:151) - <==        Row: 18, 张三5, 22, 0, 广东
2017-02-15 12:47:58,662 TRACE [main] jdbc.BaseJdbcLogger (BaseJdbcLogger.java:151) - <==        Row: 19, 张三6, 20, 0, 广东
2017-02-15 12:47:58,663 TRACE [main] jdbc.BaseJdbcLogger (BaseJdbcLogger.java:151) - <==        Row: 20, 张三7, 22, 0, 广东
2017-02-15 12:47:58,663 TRACE [main] jdbc.BaseJdbcLogger (BaseJdbcLogger.java:151) - <==        Row: 21, 张三8, 22, 1, 湖南
2017-02-15 12:47:58,663 TRACE [main] jdbc.BaseJdbcLogger (BaseJdbcLogger.java:151) - <==        Row: 22, 张三9, 18, 0, 湖北
2017-02-15 12:47:58,664 TRACE [main] jdbc.BaseJdbcLogger (BaseJdbcLogger.java:151) - <==        Row: 23, 张三0, 19, 0, 广东
2017-02-15 12:47:58,664 TRACE [main] jdbc.BaseJdbcLogger (BaseJdbcLogger.java:151) - <==        Row: 24, 张三1, 21, 0, 湖南
2017-02-15 12:47:58,666 TRACE [main] jdbc.BaseJdbcLogger (BaseJdbcLogger.java:151) - <==        Row: 25, 张三2, 22, 0, 广东
2017-02-15 12:47:58,667 TRACE [main] jdbc.BaseJdbcLogger (BaseJdbcLogger.java:151) - <==        Row: 26, 张三3, 22, 0, 湖北
2017-02-15 12:47:58,667 TRACE [main] jdbc.BaseJdbcLogger (BaseJdbcLogger.java:151) - <==        Row: 27, 张三4, 22, 0, 湖北
2017-02-15 12:47:58,667 TRACE [main] jdbc.BaseJdbcLogger (BaseJdbcLogger.java:151) - <==        Row: 28, 张三5, 19, 1, 山东
2017-02-15 12:47:58,668 TRACE [main] jdbc.BaseJdbcLogger (BaseJdbcLogger.java:151) - <==        Row: 29, 张三6, 20, 0, 湖北
2017-02-15 12:47:58,668 TRACE [main] jdbc.BaseJdbcLogger (BaseJdbcLogger.java:151) - <==        Row: 30, 张三7, 22, 1, 湖北
2017-02-15 12:47:58,669 TRACE [main] jdbc.BaseJdbcLogger (BaseJdbcLogger.java:151) - <==        Row: 31, 张三8, 20, 1, 广东
2017-02-15 12:47:58,669 TRACE [main] jdbc.BaseJdbcLogger (BaseJdbcLogger.java:151) - <==        Row: 32, 张三9, 19, 0, 湖北
2017-02-15 12:47:58,670 TRACE [main] jdbc.BaseJdbcLogger (BaseJdbcLogger.java:151) - <==        Row: 33, 张三0, 22, 1, 湖南
2017-02-15 12:47:58,670 TRACE [main] jdbc.BaseJdbcLogger (BaseJdbcLogger.java:151) - <==        Row: 34, 张三1, 18, 1, 湖北
2017-02-15 12:47:58,671 TRACE [main] jdbc.BaseJdbcLogger (BaseJdbcLogger.java:151) - <==        Row: 35, 张三2, 22, 1, 湖北
2017-02-15 12:47:58,671 TRACE [main] jdbc.BaseJdbcLogger (BaseJdbcLogger.java:151) - <==        Row: 36, 张三3, 22, 0, 广东
2017-02-15 12:47:58,672 TRACE [main] jdbc.BaseJdbcLogger (BaseJdbcLogger.java:151) - <==        Row: 37, 张三4, 19, 1, 山东
2017-02-15 12:47:58,672 TRACE [main] jdbc.BaseJdbcLogger (BaseJdbcLogger.java:151) - <==        Row: 38, 张三5, 22, 0, 湖北
2017-02-15 12:47:58,672 TRACE [main] jdbc.BaseJdbcLogger (BaseJdbcLogger.java:151) - <==        Row: 39, 张三6, 20, 1, 湖南
2017-02-15 12:47:58,672 TRACE [main] jdbc.BaseJdbcLogger (BaseJdbcLogger.java:151) - <==        Row: 40, 张三7, 21, 0, 山东
2017-02-15 12:47:58,673 TRACE [main] jdbc.BaseJdbcLogger (BaseJdbcLogger.java:151) - <==        Row: 41, 张三8, 18, 0, 湖北
2017-02-15 12:47:58,673 TRACE [main] jdbc.BaseJdbcLogger (BaseJdbcLogger.java:151) - <==        Row: 42, 张三9, 20, 0, 广东
2017-02-15 12:47:58,674 TRACE [main] jdbc.BaseJdbcLogger (BaseJdbcLogger.java:151) - <==        Row: 43, 张三0, 22, 1, 湖南
2017-02-15 12:47:58,674 TRACE [main] jdbc.BaseJdbcLogger (BaseJdbcLogger.java:151) - <==        Row: 44, 张三1, 21, 0, 山东
2017-02-15 12:47:58,674 TRACE [main] jdbc.BaseJdbcLogger (BaseJdbcLogger.java:151) - <==        Row: 45, 张三2, 21, 1, 山东
2017-02-15 12:47:58,674 TRACE [main] jdbc.BaseJdbcLogger (BaseJdbcLogger.java:151) - <==        Row: 46, 张三3, 19, 0, 湖北
2017-02-15 12:47:58,675 TRACE [main] jdbc.BaseJdbcLogger (BaseJdbcLogger.java:151) - <==        Row: 47, 张三4, 19, 1, 湖南
2017-02-15 12:47:58,675 TRACE [main] jdbc.BaseJdbcLogger (BaseJdbcLogger.java:151) - <==        Row: 48, 张三5, 21, 1, 湖北
2017-02-15 12:47:58,675 TRACE [main] jdbc.BaseJdbcLogger (BaseJdbcLogger.java:151) - <==        Row: 49, 张三6, 20, 0, 湖南
2017-02-15 12:47:58,675 TRACE [main] jdbc.BaseJdbcLogger (BaseJdbcLogger.java:151) - <==        Row: 50, 张三7, 18, 1, 山东
2017-02-15 12:47:58,676 TRACE [main] jdbc.BaseJdbcLogger (BaseJdbcLogger.java:151) - <==        Row: 51, 张三8, 22, 1, 山东
2017-02-15 12:47:58,676 TRACE [main] jdbc.BaseJdbcLogger (BaseJdbcLogger.java:151) - <==        Row: 52, 张三9, 22, 1, 广东
2017-02-15 12:47:58,676 DEBUG [main] jdbc.BaseJdbcLogger (BaseJdbcLogger.java:145) - <==      Total: 50
2017-02-15 12:47:58,678 DEBUG [main] jdbc.BaseJdbcLogger (BaseJdbcLogger.java:145) - ==>  Preparing: update student SET sname=?, sage=?, sex=? where sid=? 
2017-02-15 12:47:58,679 DEBUG [main] jdbc.BaseJdbcLogger (BaseJdbcLogger.java:145) - ==> Parameters: 张三3(String), 20(Integer), 1(Integer), 4(Integer)
2017-02-15 12:47:58,680 DEBUG [main] jdbc.BaseJdbcLogger (BaseJdbcLogger.java:145) - <==    Updates: 1
2017-02-15 12:48:29,537 DEBUG [main] jdbc.BaseJdbcLogger (BaseJdbcLogger.java:145) - ==>  Preparing: select * from student 
2017-02-15 12:48:29,639 DEBUG [main] jdbc.BaseJdbcLogger (BaseJdbcLogger.java:145) - ==> Parameters: 
2017-02-15 12:48:29,674 TRACE [main] jdbc.BaseJdbcLogger (BaseJdbcLogger.java:151) - <==    Columns: SID, SNAME, SAGE, SEX, ADDRESS
2017-02-15 12:48:29,679 TRACE [main] jdbc.BaseJdbcLogger (BaseJdbcLogger.java:151) - <==        Row: 3, 张三0, 19, 0, 湖北
2017-02-15 12:48:29,681 TRACE [main] jdbc.BaseJdbcLogger (BaseJdbcLogger.java:151) - <==        Row: 4, 张三1, 21, 0, 山东
2017-02-15 12:48:29,682 TRACE [main] jdbc.BaseJdbcLogger (BaseJdbcLogger.java:151) - <==        Row: 5, 张三2, 21, 0, 山东
2017-02-15 12:48:29,682 TRACE [main] jdbc.BaseJdbcLogger (BaseJdbcLogger.java:151) - <==        Row: 6, 张三3, 18, 0, 湖南
2017-02-15 12:48:29,683 TRACE [main] jdbc.BaseJdbcLogger (BaseJdbcLogger.java:151) - <==        Row: 7, 张三4, 19, 1, 山东
2017-02-15 12:48:29,683 TRACE [main] jdbc.BaseJdbcLogger (BaseJdbcLogger.java:151) - <==        Row: 8, 张三5, 18, 0, 广东
2017-02-15 12:48:29,684 TRACE [main] jdbc.BaseJdbcLogger (BaseJdbcLogger.java:151) - <==        Row: 9, 张三6, 19, 1, 湖北
2017-02-15 12:48:29,684 TRACE [main] jdbc.BaseJdbcLogger (BaseJdbcLogger.java:151) - <==        Row: 10, 张三7, 19, 1, 湖南
2017-02-15 12:48:29,685 TRACE [main] jdbc.BaseJdbcLogger (BaseJdbcLogger.java:151) - <==        Row: 11, 张三8, 21, 1, 湖南
2017-02-15 12:48:29,686 TRACE [main] jdbc.BaseJdbcLogger (BaseJdbcLogger.java:151) - <==        Row: 12, 张三9, 21, 1, 湖南
2017-02-15 12:48:29,687 TRACE [main] jdbc.BaseJdbcLogger (BaseJdbcLogger.java:151) - <==        Row: 13, 张三0, 20, 0, 湖北
2017-02-15 12:48:29,688 TRACE [main] jdbc.BaseJdbcLogger (BaseJdbcLogger.java:151) - <==        Row: 14, 张三1, 21, 0, 山东
2017-02-15 12:48:29,688 TRACE [main] jdbc.BaseJdbcLogger (BaseJdbcLogger.java:151) - <==        Row: 15, 张三2, 19, 0, 广东
2017-02-15 12:48:29,688 TRACE [main] jdbc.BaseJdbcLogger (BaseJdbcLogger.java:151) - <==        Row: 16, 张三3, 22, 1, 湖北
2017-02-15 12:48:29,689 TRACE [main] jdbc.BaseJdbcLogger (BaseJdbcLogger.java:151) - <==        Row: 17, 张三4, 19, 0, 湖南
2017-02-15 12:48:29,690 TRACE [main] jdbc.BaseJdbcLogger (BaseJdbcLogger.java:151) - <==        Row: 18, 张三5, 22, 0, 广东
2017-02-15 12:48:29,692 TRACE [main] jdbc.BaseJdbcLogger (BaseJdbcLogger.java:151) - <==        Row: 19, 张三6, 20, 0, 广东
2017-02-15 12:48:29,693 TRACE [main] jdbc.BaseJdbcLogger (BaseJdbcLogger.java:151) - <==        Row: 20, 张三7, 22, 0, 广东
2017-02-15 12:48:29,693 TRACE [main] jdbc.BaseJdbcLogger (BaseJdbcLogger.java:151) - <==        Row: 21, 张三8, 22, 1, 湖南
2017-02-15 12:48:29,693 TRACE [main] jdbc.BaseJdbcLogger (BaseJdbcLogger.java:151) - <==        Row: 22, 张三9, 18, 0, 湖北
2017-02-15 12:48:29,695 TRACE [main] jdbc.BaseJdbcLogger (BaseJdbcLogger.java:151) - <==        Row: 23, 张三0, 19, 0, 广东
2017-02-15 12:48:29,695 TRACE [main] jdbc.BaseJdbcLogger (BaseJdbcLogger.java:151) - <==        Row: 24, 张三1, 21, 0, 湖南
2017-02-15 12:48:29,697 TRACE [main] jdbc.BaseJdbcLogger (BaseJdbcLogger.java:151) - <==        Row: 25, 张三2, 22, 0, 广东
2017-02-15 12:48:29,698 TRACE [main] jdbc.BaseJdbcLogger (BaseJdbcLogger.java:151) - <==        Row: 26, 张三3, 22, 0, 湖北
2017-02-15 12:48:29,698 TRACE [main] jdbc.BaseJdbcLogger (BaseJdbcLogger.java:151) - <==        Row: 27, 张三4, 22, 0, 湖北
2017-02-15 12:48:29,699 TRACE [main] jdbc.BaseJdbcLogger (BaseJdbcLogger.java:151) - <==        Row: 28, 张三5, 19, 1, 山东
2017-02-15 12:48:29,699 TRACE [main] jdbc.BaseJdbcLogger (BaseJdbcLogger.java:151) - <==        Row: 29, 张三6, 20, 0, 湖北
2017-02-15 12:48:29,700 TRACE [main] jdbc.BaseJdbcLogger (BaseJdbcLogger.java:151) - <==        Row: 30, 张三7, 22, 1, 湖北
2017-02-15 12:48:29,700 TRACE [main] jdbc.BaseJdbcLogger (BaseJdbcLogger.java:151) - <==        Row: 31, 张三8, 20, 1, 广东
2017-02-15 12:48:29,701 TRACE [main] jdbc.BaseJdbcLogger (BaseJdbcLogger.java:151) - <==        Row: 32, 张三9, 19, 0, 湖北
2017-02-15 12:48:29,702 TRACE [main] jdbc.BaseJdbcLogger (BaseJdbcLogger.java:151) - <==        Row: 33, 张三0, 22, 1, 湖南
2017-02-15 12:48:29,702 TRACE [main] jdbc.BaseJdbcLogger (BaseJdbcLogger.java:151) - <==        Row: 34, 张三1, 18, 1, 湖北
2017-02-15 12:48:29,703 TRACE [main] jdbc.BaseJdbcLogger (BaseJdbcLogger.java:151) - <==        Row: 35, 张三2, 22, 1, 湖北
2017-02-15 12:48:29,703 TRACE [main] jdbc.BaseJdbcLogger (BaseJdbcLogger.java:151) - <==        Row: 36, 张三3, 22, 0, 广东
2017-02-15 12:48:29,703 TRACE [main] jdbc.BaseJdbcLogger (BaseJdbcLogger.java:151) - <==        Row: 37, 张三4, 19, 1, 山东
2017-02-15 12:48:29,704 TRACE [main] jdbc.BaseJdbcLogger (BaseJdbcLogger.java:151) - <==        Row: 38, 张三5, 22, 0, 湖北
2017-02-15 12:48:29,704 TRACE [main] jdbc.BaseJdbcLogger (BaseJdbcLogger.java:151) - <==        Row: 39, 张三6, 20, 1, 湖南
2017-02-15 12:48:29,704 TRACE [main] jdbc.BaseJdbcLogger (BaseJdbcLogger.java:151) - <==        Row: 40, 张三7, 21, 0, 山东
2017-02-15 12:48:29,705 TRACE [main] jdbc.BaseJdbcLogger (BaseJdbcLogger.java:151) - <==        Row: 41, 张三8, 18, 0, 湖北
2017-02-15 12:48:29,705 TRACE [main] jdbc.BaseJdbcLogger (BaseJdbcLogger.java:151) - <==        Row: 42, 张三9, 20, 0, 广东
2017-02-15 12:48:29,707 TRACE [main] jdbc.BaseJdbcLogger (BaseJdbcLogger.java:151) - <==        Row: 43, 张三0, 22, 1, 湖南
2017-02-15 12:48:29,707 TRACE [main] jdbc.BaseJdbcLogger (BaseJdbcLogger.java:151) - <==        Row: 44, 张三1, 21, 0, 山东
2017-02-15 12:48:29,707 TRACE [main] jdbc.BaseJdbcLogger (BaseJdbcLogger.java:151) - <==        Row: 45, 张三2, 21, 1, 山东
2017-02-15 12:48:29,708 TRACE [main] jdbc.BaseJdbcLogger (BaseJdbcLogger.java:151) - <==        Row: 46, 张三3, 19, 0, 湖北
2017-02-15 12:48:29,708 TRACE [main] jdbc.BaseJdbcLogger (BaseJdbcLogger.java:151) - <==        Row: 47, 张三4, 19, 1, 湖南
2017-02-15 12:48:29,708 TRACE [main] jdbc.BaseJdbcLogger (BaseJdbcLogger.java:151) - <==        Row: 48, 张三5, 21, 1, 湖北
2017-02-15 12:48:29,708 TRACE [main] jdbc.BaseJdbcLogger (BaseJdbcLogger.java:151) - <==        Row: 49, 张三6, 20, 0, 湖南
2017-02-15 12:48:29,709 TRACE [main] jdbc.BaseJdbcLogger (BaseJdbcLogger.java:151) - <==        Row: 50, 张三7, 18, 1, 山东
2017-02-15 12:48:29,709 TRACE [main] jdbc.BaseJdbcLogger (BaseJdbcLogger.java:151) - <==        Row: 51, 张三8, 22, 1, 山东
2017-02-15 12:48:29,709 TRACE [main] jdbc.BaseJdbcLogger (BaseJdbcLogger.java:151) - <==        Row: 52, 张三9, 22, 1, 广东
2017-02-15 12:48:29,710 DEBUG [main] jdbc.BaseJdbcLogger (BaseJdbcLogger.java:145) - <==      Total: 50
2017-02-15 12:48:29,713 DEBUG [main] jdbc.BaseJdbcLogger (BaseJdbcLogger.java:145) - ==>  Preparing: update student SET sname=?, sage=?, sex=? where sid=? 
2017-02-15 12:48:29,714 DEBUG [main] jdbc.BaseJdbcLogger (BaseJdbcLogger.java:145) - ==> Parameters: 张三3(String), 20(Integer), 1(Integer), 4(Integer)
2017-02-15 12:48:29,715 DEBUG [main] jdbc.BaseJdbcLogger (BaseJdbcLogger.java:145) - <==    Updates: 1
2017-02-15 12:50:47,177 DEBUG [main] jdbc.BaseJdbcLogger (BaseJdbcLogger.java:145) - ==>  Preparing: select * from student 
2017-02-15 12:50:47,291 DEBUG [main] jdbc.BaseJdbcLogger (BaseJdbcLogger.java:145) - ==> Parameters: 
2017-02-15 12:50:47,324 TRACE [main] jdbc.BaseJdbcLogger (BaseJdbcLogger.java:151) - <==    Columns: SID, SNAME, SAGE, SEX, ADDRESS
2017-02-15 12:50:47,329 TRACE [main] jdbc.BaseJdbcLogger (BaseJdbcLogger.java:151) - <==        Row: 3, 张三0, 19, 0, 湖北
2017-02-15 12:50:47,330 TRACE [main] jdbc.BaseJdbcLogger (BaseJdbcLogger.java:151) - <==        Row: 4, 张三1, 21, 0, 山东
2017-02-15 12:50:47,331 TRACE [main] jdbc.BaseJdbcLogger (BaseJdbcLogger.java:151) - <==        Row: 5, 张三2, 21, 0, 山东
2017-02-15 12:50:47,331 TRACE [main] jdbc.BaseJdbcLogger (BaseJdbcLogger.java:151) - <==        Row: 6, 张三3, 18, 0, 湖南
2017-02-15 12:50:47,332 TRACE [main] jdbc.BaseJdbcLogger (BaseJdbcLogger.java:151) - <==        Row: 7, 张三4, 19, 1, 山东
2017-02-15 12:50:47,332 TRACE [main] jdbc.BaseJdbcLogger (BaseJdbcLogger.java:151) - <==        Row: 8, 张三5, 18, 0, 广东
2017-02-15 12:50:47,333 TRACE [main] jdbc.BaseJdbcLogger (BaseJdbcLogger.java:151) - <==        Row: 9, 张三6, 19, 1, 湖北
2017-02-15 12:50:47,333 TRACE [main] jdbc.BaseJdbcLogger (BaseJdbcLogger.java:151) - <==        Row: 10, 张三7, 19, 1, 湖南
2017-02-15 12:50:47,334 TRACE [main] jdbc.BaseJdbcLogger (BaseJdbcLogger.java:151) - <==        Row: 11, 张三8, 21, 1, 湖南
2017-02-15 12:50:47,334 TRACE [main] jdbc.BaseJdbcLogger (BaseJdbcLogger.java:151) - <==        Row: 12, 张三9, 21, 1, 湖南
2017-02-15 12:50:47,337 TRACE [main] jdbc.BaseJdbcLogger (BaseJdbcLogger.java:151) - <==        Row: 13, 张三0, 20, 0, 湖北
2017-02-15 12:50:47,338 TRACE [main] jdbc.BaseJdbcLogger (BaseJdbcLogger.java:151) - <==        Row: 14, 张三1, 21, 0, 山东
2017-02-15 12:50:47,338 TRACE [main] jdbc.BaseJdbcLogger (BaseJdbcLogger.java:151) - <==        Row: 15, 张三2, 19, 0, 广东
2017-02-15 12:50:47,339 TRACE [main] jdbc.BaseJdbcLogger (BaseJdbcLogger.java:151) - <==        Row: 16, 张三3, 22, 1, 湖北
2017-02-15 12:50:47,339 TRACE [main] jdbc.BaseJdbcLogger (BaseJdbcLogger.java:151) - <==        Row: 17, 张三4, 19, 0, 湖南
2017-02-15 12:50:47,340 TRACE [main] jdbc.BaseJdbcLogger (BaseJdbcLogger.java:151) - <==        Row: 18, 张三5, 22, 0, 广东
2017-02-15 12:50:47,342 TRACE [main] jdbc.BaseJdbcLogger (BaseJdbcLogger.java:151) - <==        Row: 19, 张三6, 20, 0, 广东
2017-02-15 12:50:47,343 TRACE [main] jdbc.BaseJdbcLogger (BaseJdbcLogger.java:151) - <==        Row: 20, 张三7, 22, 0, 广东
2017-02-15 12:50:47,343 TRACE [main] jdbc.BaseJdbcLogger (BaseJdbcLogger.java:151) - <==        Row: 21, 张三8, 22, 1, 湖南
2017-02-15 12:50:47,344 TRACE [main] jdbc.BaseJdbcLogger (BaseJdbcLogger.java:151) - <==        Row: 22, 张三9, 18, 0, 湖北
2017-02-15 12:50:47,346 TRACE [main] jdbc.BaseJdbcLogger (BaseJdbcLogger.java:151) - <==        Row: 23, 张三0, 19, 0, 广东
2017-02-15 12:50:47,347 TRACE [main] jdbc.BaseJdbcLogger (BaseJdbcLogger.java:151) - <==        Row: 24, 张三1, 21, 0, 湖南
2017-02-15 12:50:47,347 TRACE [main] jdbc.BaseJdbcLogger (BaseJdbcLogger.java:151) - <==        Row: 25, 张三2, 22, 0, 广东
2017-02-15 12:50:47,347 TRACE [main] jdbc.BaseJdbcLogger (BaseJdbcLogger.java:151) - <==        Row: 26, 张三3, 22, 0, 湖北
2017-02-15 12:50:47,348 TRACE [main] jdbc.BaseJdbcLogger (BaseJdbcLogger.java:151) - <==        Row: 27, 张三4, 22, 0, 湖北
2017-02-15 12:50:47,348 TRACE [main] jdbc.BaseJdbcLogger (BaseJdbcLogger.java:151) - <==        Row: 28, 张三5, 19, 1, 山东
2017-02-15 12:50:47,348 TRACE [main] jdbc.BaseJdbcLogger (BaseJdbcLogger.java:151) - <==        Row: 29, 张三6, 20, 0, 湖北
2017-02-15 12:50:47,348 TRACE [main] jdbc.BaseJdbcLogger (BaseJdbcLogger.java:151) - <==        Row: 30, 张三7, 22, 1, 湖北
2017-02-15 12:50:47,349 TRACE [main] jdbc.BaseJdbcLogger (BaseJdbcLogger.java:151) - <==        Row: 31, 张三8, 20, 1, 广东
2017-02-15 12:50:47,349 TRACE [main] jdbc.BaseJdbcLogger (BaseJdbcLogger.java:151) - <==        Row: 32, 张三9, 19, 0, 湖北
2017-02-15 12:50:47,352 TRACE [main] jdbc.BaseJdbcLogger (BaseJdbcLogger.java:151) - <==        Row: 33, 张三0, 22, 1, 湖南
2017-02-15 12:50:47,352 TRACE [main] jdbc.BaseJdbcLogger (BaseJdbcLogger.java:151) - <==        Row: 34, 张三1, 18, 1, 湖北
2017-02-15 12:50:47,353 TRACE [main] jdbc.BaseJdbcLogger (BaseJdbcLogger.java:151) - <==        Row: 35, 张三2, 22, 1, 湖北
2017-02-15 12:50:47,353 TRACE [main] jdbc.BaseJdbcLogger (BaseJdbcLogger.java:151) - <==        Row: 36, 张三3, 22, 0, 广东
2017-02-15 12:50:47,353 TRACE [main] jdbc.BaseJdbcLogger (BaseJdbcLogger.java:151) - <==        Row: 37, 张三4, 19, 1, 山东
2017-02-15 12:50:47,354 TRACE [main] jdbc.BaseJdbcLogger (BaseJdbcLogger.java:151) - <==        Row: 38, 张三5, 22, 0, 湖北
2017-02-15 12:50:47,354 TRACE [main] jdbc.BaseJdbcLogger (BaseJdbcLogger.java:151) - <==        Row: 39, 张三6, 20, 1, 湖南
2017-02-15 12:50:47,354 TRACE [main] jdbc.BaseJdbcLogger (BaseJdbcLogger.java:151) - <==        Row: 40, 张三7, 21, 0, 山东
2017-02-15 12:50:47,354 TRACE [main] jdbc.BaseJdbcLogger (BaseJdbcLogger.java:151) - <==        Row: 41, 张三8, 18, 0, 湖北
2017-02-15 12:50:47,355 TRACE [main] jdbc.BaseJdbcLogger (BaseJdbcLogger.java:151) - <==        Row: 42, 张三9, 20, 0, 广东
2017-02-15 12:50:47,356 TRACE [main] jdbc.BaseJdbcLogger (BaseJdbcLogger.java:151) - <==        Row: 43, 张三0, 22, 1, 湖南
2017-02-15 12:50:47,356 TRACE [main] jdbc.BaseJdbcLogger (BaseJdbcLogger.java:151) - <==        Row: 44, 张三1, 21, 0, 山东
2017-02-15 12:50:47,357 TRACE [main] jdbc.BaseJdbcLogger (BaseJdbcLogger.java:151) - <==        Row: 45, 张三2, 21, 1, 山东
2017-02-15 12:50:47,357 TRACE [main] jdbc.BaseJdbcLogger (BaseJdbcLogger.java:151) - <==        Row: 46, 张三3, 19, 0, 湖北
2017-02-15 12:50:47,357 TRACE [main] jdbc.BaseJdbcLogger (BaseJdbcLogger.java:151) - <==        Row: 47, 张三4, 19, 1, 湖南
2017-02-15 12:50:47,357 TRACE [main] jdbc.BaseJdbcLogger (BaseJdbcLogger.java:151) - <==        Row: 48, 张三5, 21, 1, 湖北
2017-02-15 12:50:47,358 TRACE [main] jdbc.BaseJdbcLogger (BaseJdbcLogger.java:151) - <==        Row: 49, 张三6, 20, 0, 湖南
2017-02-15 12:50:47,358 TRACE [main] jdbc.BaseJdbcLogger (BaseJdbcLogger.java:151) - <==        Row: 50, 张三7, 18, 1, 山东
2017-02-15 12:50:47,358 TRACE [main] jdbc.BaseJdbcLogger (BaseJdbcLogger.java:151) - <==        Row: 51, 张三8, 22, 1, 山东
2017-02-15 12:50:47,358 TRACE [main] jdbc.BaseJdbcLogger (BaseJdbcLogger.java:151) - <==        Row: 52, 张三9, 22, 1, 广东
2017-02-15 12:50:47,360 DEBUG [main] jdbc.BaseJdbcLogger (BaseJdbcLogger.java:145) - <==      Total: 50
2017-02-15 12:50:47,362 DEBUG [main] jdbc.BaseJdbcLogger (BaseJdbcLogger.java:145) - ==>  Preparing: update student SET sname=?, sage=?, sex=? where sid=? 
2017-02-15 12:50:47,362 DEBUG [main] jdbc.BaseJdbcLogger (BaseJdbcLogger.java:145) - ==> Parameters: 张三3(String), 20(Integer), 1(Integer), 4(Integer)
2017-02-15 12:50:47,364 DEBUG [main] jdbc.BaseJdbcLogger (BaseJdbcLogger.java:145) - <==    Updates: 1
2017-02-15 12:52:24,802 DEBUG [main] jdbc.BaseJdbcLogger (BaseJdbcLogger.java:145) - ==>  Preparing: select * from student 
2017-02-15 12:52:24,904 DEBUG [main] jdbc.BaseJdbcLogger (BaseJdbcLogger.java:145) - ==> Parameters: 
2017-02-15 12:52:24,941 TRACE [main] jdbc.BaseJdbcLogger (BaseJdbcLogger.java:151) - <==    Columns: SID, SNAME, SAGE, SEX, ADDRESS
2017-02-15 12:52:24,945 TRACE [main] jdbc.BaseJdbcLogger (BaseJdbcLogger.java:151) - <==        Row: 3, 张三0, 19, 0, 湖北
2017-02-15 12:52:24,947 TRACE [main] jdbc.BaseJdbcLogger (BaseJdbcLogger.java:151) - <==        Row: 4, 张三3, 20, 1, 山东
2017-02-15 12:52:24,948 TRACE [main] jdbc.BaseJdbcLogger (BaseJdbcLogger.java:151) - <==        Row: 5, 张三2, 21, 0, 山东
2017-02-15 12:52:24,948 TRACE [main] jdbc.BaseJdbcLogger (BaseJdbcLogger.java:151) - <==        Row: 6, 张三3, 18, 0, 湖南
2017-02-15 12:52:24,948 TRACE [main] jdbc.BaseJdbcLogger (BaseJdbcLogger.java:151) - <==        Row: 7, 张三4, 19, 1, 山东
2017-02-15 12:52:24,949 TRACE [main] jdbc.BaseJdbcLogger (BaseJdbcLogger.java:151) - <==        Row: 8, 张三5, 18, 0, 广东
2017-02-15 12:52:24,949 TRACE [main] jdbc.BaseJdbcLogger (BaseJdbcLogger.java:151) - <==        Row: 9, 张三6, 19, 1, 湖北
2017-02-15 12:52:24,950 TRACE [main] jdbc.BaseJdbcLogger (BaseJdbcLogger.java:151) - <==        Row: 10, 张三7, 19, 1, 湖南
2017-02-15 12:52:24,951 TRACE [main] jdbc.BaseJdbcLogger (BaseJdbcLogger.java:151) - <==        Row: 11, 张三8, 21, 1, 湖南
2017-02-15 12:52:24,951 TRACE [main] jdbc.BaseJdbcLogger (BaseJdbcLogger.java:151) - <==        Row: 12, 张三9, 21, 1, 湖南
2017-02-15 12:52:24,953 TRACE [main] jdbc.BaseJdbcLogger (BaseJdbcLogger.java:151) - <==        Row: 13, 张三0, 20, 0, 湖北
2017-02-15 12:52:24,954 TRACE [main] jdbc.BaseJdbcLogger (BaseJdbcLogger.java:151) - <==        Row: 14, 张三1, 21, 0, 山东
2017-02-15 12:52:24,954 TRACE [main] jdbc.BaseJdbcLogger (BaseJdbcLogger.java:151) - <==        Row: 15, 张三2, 19, 0, 广东
2017-02-15 12:52:24,955 TRACE [main] jdbc.BaseJdbcLogger (BaseJdbcLogger.java:151) - <==        Row: 16, 张三3, 22, 1, 湖北
2017-02-15 12:52:24,955 TRACE [main] jdbc.BaseJdbcLogger (BaseJdbcLogger.java:151) - <==        Row: 17, 张三4, 19, 0, 湖南
2017-02-15 12:52:24,956 TRACE [main] jdbc.BaseJdbcLogger (BaseJdbcLogger.java:151) - <==        Row: 18, 张三5, 22, 0, 广东
2017-02-15 12:52:24,959 TRACE [main] jdbc.BaseJdbcLogger (BaseJdbcLogger.java:151) - <==        Row: 19, 张三6, 20, 0, 广东
2017-02-15 12:52:24,960 TRACE [main] jdbc.BaseJdbcLogger (BaseJdbcLogger.java:151) - <==        Row: 20, 张三7, 22, 0, 广东
2017-02-15 12:52:24,960 TRACE [main] jdbc.BaseJdbcLogger (BaseJdbcLogger.java:151) - <==        Row: 21, 张三8, 22, 1, 湖南
2017-02-15 12:52:24,961 TRACE [main] jdbc.BaseJdbcLogger (BaseJdbcLogger.java:151) - <==        Row: 22, 张三9, 18, 0, 湖北
2017-02-15 12:52:24,964 TRACE [main] jdbc.BaseJdbcLogger (BaseJdbcLogger.java:151) - <==        Row: 23, 张三0, 19, 0, 广东
2017-02-15 12:52:24,964 TRACE [main] jdbc.BaseJdbcLogger (BaseJdbcLogger.java:151) - <==        Row: 24, 张三1, 21, 0, 湖南
2017-02-15 12:52:24,964 TRACE [main] jdbc.BaseJdbcLogger (BaseJdbcLogger.java:151) - <==        Row: 25, 张三2, 22, 0, 广东
2017-02-15 12:52:24,964 TRACE [main] jdbc.BaseJdbcLogger (BaseJdbcLogger.java:151) - <==        Row: 26, 张三3, 22, 0, 湖北
2017-02-15 12:52:24,965 TRACE [main] jdbc.BaseJdbcLogger (BaseJdbcLogger.java:151) - <==        Row: 27, 张三4, 22, 0, 湖北
2017-02-15 12:52:24,965 TRACE [main] jdbc.BaseJdbcLogger (BaseJdbcLogger.java:151) - <==        Row: 28, 张三5, 19, 1, 山东
2017-02-15 12:52:24,965 TRACE [main] jdbc.BaseJdbcLogger (BaseJdbcLogger.java:151) - <==        Row: 29, 张三6, 20, 0, 湖北
2017-02-15 12:52:24,965 TRACE [main] jdbc.BaseJdbcLogger (BaseJdbcLogger.java:151) - <==        Row: 30, 张三7, 22, 1, 湖北
2017-02-15 12:52:24,966 TRACE [main] jdbc.BaseJdbcLogger (BaseJdbcLogger.java:151) - <==        Row: 31, 张三8, 20, 1, 广东
2017-02-15 12:52:24,966 TRACE [main] jdbc.BaseJdbcLogger (BaseJdbcLogger.java:151) - <==        Row: 32, 张三9, 19, 0, 湖北
2017-02-15 12:52:24,967 TRACE [main] jdbc.BaseJdbcLogger (BaseJdbcLogger.java:151) - <==        Row: 33, 张三0, 22, 1, 湖南
2017-02-15 12:52:24,968 TRACE [main] jdbc.BaseJdbcLogger (BaseJdbcLogger.java:151) - <==        Row: 34, 张三1, 18, 1, 湖北
2017-02-15 12:52:24,968 TRACE [main] jdbc.BaseJdbcLogger (BaseJdbcLogger.java:151) - <==        Row: 35, 张三2, 22, 1, 湖北
2017-02-15 12:52:24,969 TRACE [main] jdbc.BaseJdbcLogger (BaseJdbcLogger.java:151) - <==        Row: 36, 张三3, 22, 0, 广东
2017-02-15 12:52:24,969 TRACE [main] jdbc.BaseJdbcLogger (BaseJdbcLogger.java:151) - <==        Row: 37, 张三4, 19, 1, 山东
2017-02-15 12:52:24,970 TRACE [main] jdbc.BaseJdbcLogger (BaseJdbcLogger.java:151) - <==        Row: 38, 张三5, 22, 0, 湖北
2017-02-15 12:52:24,970 TRACE [main] jdbc.BaseJdbcLogger (BaseJdbcLogger.java:151) - <==        Row: 39, 张三6, 20, 1, 湖南
2017-02-15 12:52:24,970 TRACE [main] jdbc.BaseJdbcLogger (BaseJdbcLogger.java:151) - <==        Row: 40, 张三7, 21, 0, 山东
2017-02-15 12:52:24,971 TRACE [main] jdbc.BaseJdbcLogger (BaseJdbcLogger.java:151) - <==        Row: 41, 张三8, 18, 0, 湖北
2017-02-15 12:52:24,971 TRACE [main] jdbc.BaseJdbcLogger (BaseJdbcLogger.java:151) - <==        Row: 42, 张三9, 20, 0, 广东
2017-02-15 12:52:24,973 TRACE [main] jdbc.BaseJdbcLogger (BaseJdbcLogger.java:151) - <==        Row: 43, 张三0, 22, 1, 湖南
2017-02-15 12:52:24,973 TRACE [main] jdbc.BaseJdbcLogger (BaseJdbcLogger.java:151) - <==        Row: 44, 张三1, 21, 0, 山东
2017-02-15 12:52:24,974 TRACE [main] jdbc.BaseJdbcLogger (BaseJdbcLogger.java:151) - <==        Row: 45, 张三2, 21, 1, 山东
2017-02-15 12:52:24,974 TRACE [main] jdbc.BaseJdbcLogger (BaseJdbcLogger.java:151) - <==        Row: 46, 张三3, 19, 0, 湖北
2017-02-15 12:52:24,975 TRACE [main] jdbc.BaseJdbcLogger (BaseJdbcLogger.java:151) - <==        Row: 47, 张三4, 19, 1, 湖南
2017-02-15 12:52:24,975 TRACE [main] jdbc.BaseJdbcLogger (BaseJdbcLogger.java:151) - <==        Row: 48, 张三5, 21, 1, 湖北
2017-02-15 12:52:24,975 TRACE [main] jdbc.BaseJdbcLogger (BaseJdbcLogger.java:151) - <==        Row: 49, 张三6, 20, 0, 湖南
2017-02-15 12:52:24,975 TRACE [main] jdbc.BaseJdbcLogger (BaseJdbcLogger.java:151) - <==        Row: 50, 张三7, 18, 1, 山东
2017-02-15 12:52:24,976 TRACE [main] jdbc.BaseJdbcLogger (BaseJdbcLogger.java:151) - <==        Row: 51, 张三8, 22, 1, 山东
2017-02-15 12:52:24,976 TRACE [main] jdbc.BaseJdbcLogger (BaseJdbcLogger.java:151) - <==        Row: 52, 张三9, 22, 1, 广东
2017-02-15 12:52:24,977 DEBUG [main] jdbc.BaseJdbcLogger (BaseJdbcLogger.java:145) - <==      Total: 50
2017-02-15 12:52:24,979 DEBUG [main] jdbc.BaseJdbcLogger (BaseJdbcLogger.java:145) - ==>  Preparing: update student SET sname=?, sage=?, sex=? where sid=? 
2017-02-15 12:52:24,980 DEBUG [main] jdbc.BaseJdbcLogger (BaseJdbcLogger.java:145) - ==> Parameters: 张三3(String), 20(Integer), 1(Integer), 4(Integer)
2017-02-15 12:52:24,981 DEBUG [main] jdbc.BaseJdbcLogger (BaseJdbcLogger.java:145) - <==    Updates: 1
2017-02-15 12:52:24,983 DEBUG [main] jdbc.BaseJdbcLogger (BaseJdbcLogger.java:145) - ==>  Preparing: select * from student 
2017-02-15 12:52:24,983 DEBUG [main] jdbc.BaseJdbcLogger (BaseJdbcLogger.java:145) - ==> Parameters: 
2017-02-15 12:52:24,985 TRACE [main] jdbc.BaseJdbcLogger (BaseJdbcLogger.java:151) - <==    Columns: SID, SNAME, SAGE, SEX, ADDRESS
2017-02-15 12:52:24,985 TRACE [main] jdbc.BaseJdbcLogger (BaseJdbcLogger.java:151) - <==        Row: 3, 张三0, 19, 0, 湖北
2017-02-15 12:52:24,985 TRACE [main] jdbc.BaseJdbcLogger (BaseJdbcLogger.java:151) - <==        Row: 4, 张三3, 20, 1, 山东
2017-02-15 12:52:24,986 TRACE [main] jdbc.BaseJdbcLogger (BaseJdbcLogger.java:151) - <==        Row: 5, 张三2, 21, 0, 山东
2017-02-15 12:52:24,986 TRACE [main] jdbc.BaseJdbcLogger (BaseJdbcLogger.java:151) - <==        Row: 6, 张三3, 18, 0, 湖南
2017-02-15 12:52:24,986 TRACE [main] jdbc.BaseJdbcLogger (BaseJdbcLogger.java:151) - <==        Row: 7, 张三4, 19, 1, 山东
2017-02-15 12:52:24,986 TRACE [main] jdbc.BaseJdbcLogger (BaseJdbcLogger.java:151) - <==        Row: 8, 张三5, 18, 0, 广东
2017-02-15 12:52:24,986 TRACE [main] jdbc.BaseJdbcLogger (BaseJdbcLogger.java:151) - <==        Row: 9, 张三6, 19, 1, 湖北
2017-02-15 12:52:24,987 TRACE [main] jdbc.BaseJdbcLogger (BaseJdbcLogger.java:151) - <==        Row: 10, 张三7, 19, 1, 湖南
2017-02-15 12:52:24,987 TRACE [main] jdbc.BaseJdbcLogger (BaseJdbcLogger.java:151) - <==        Row: 11, 张三8, 21, 1, 湖南
2017-02-15 12:52:24,987 TRACE [main] jdbc.BaseJdbcLogger (BaseJdbcLogger.java:151) - <==        Row: 12, 张三9, 21, 1, 湖南
2017-02-15 12:52:24,988 TRACE [main] jdbc.BaseJdbcLogger (BaseJdbcLogger.java:151) - <==        Row: 13, 张三0, 20, 0, 湖北
2017-02-15 12:52:24,989 TRACE [main] jdbc.BaseJdbcLogger (BaseJdbcLogger.java:151) - <==        Row: 14, 张三1, 21, 0, 山东
2017-02-15 12:52:24,989 TRACE [main] jdbc.BaseJdbcLogger (BaseJdbcLogger.java:151) - <==        Row: 15, 张三2, 19, 0, 广东
2017-02-15 12:52:24,989 TRACE [main] jdbc.BaseJdbcLogger (BaseJdbcLogger.java:151) - <==        Row: 16, 张三3, 22, 1, 湖北
2017-02-15 12:52:24,989 TRACE [main] jdbc.BaseJdbcLogger (BaseJdbcLogger.java:151) - <==        Row: 17, 张三4, 19, 0, 湖南
2017-02-15 12:52:24,989 TRACE [main] jdbc.BaseJdbcLogger (BaseJdbcLogger.java:151) - <==        Row: 18, 张三5, 22, 0, 广东
2017-02-15 12:52:24,990 TRACE [main] jdbc.BaseJdbcLogger (BaseJdbcLogger.java:151) - <==        Row: 19, 张三6, 20, 0, 广东
2017-02-15 12:52:24,990 TRACE [main] jdbc.BaseJdbcLogger (BaseJdbcLogger.java:151) - <==        Row: 20, 张三7, 22, 0, 广东
2017-02-15 12:52:24,990 TRACE [main] jdbc.BaseJdbcLogger (BaseJdbcLogger.java:151) - <==        Row: 21, 张三8, 22, 1, 湖南
2017-02-15 12:52:24,990 TRACE [main] jdbc.BaseJdbcLogger (BaseJdbcLogger.java:151) - <==        Row: 22, 张三9, 18, 0, 湖北
2017-02-15 12:52:24,991 TRACE [main] jdbc.BaseJdbcLogger (BaseJdbcLogger.java:151) - <==        Row: 23, 张三0, 19, 0, 广东
2017-02-15 12:52:24,992 TRACE [main] jdbc.BaseJdbcLogger (BaseJdbcLogger.java:151) - <==        Row: 24, 张三1, 21, 0, 湖南
2017-02-15 12:52:24,993 TRACE [main] jdbc.BaseJdbcLogger (BaseJdbcLogger.java:151) - <==        Row: 25, 张三2, 22, 0, 广东
2017-02-15 12:52:24,993 TRACE [main] jdbc.BaseJdbcLogger (BaseJdbcLogger.java:151) - <==        Row: 26, 张三3, 22, 0, 湖北
2017-02-15 12:52:24,994 TRACE [main] jdbc.BaseJdbcLogger (BaseJdbcLogger.java:151) - <==        Row: 27, 张三4, 22, 0, 湖北
2017-02-15 12:52:24,994 TRACE [main] jdbc.BaseJdbcLogger (BaseJdbcLogger.java:151) - <==        Row: 28, 张三5, 19, 1, 山东
2017-02-15 12:52:24,994 TRACE [main] jdbc.BaseJdbcLogger (BaseJdbcLogger.java:151) - <==        Row: 29, 张三6, 20, 0, 湖北
2017-02-15 12:52:24,994 TRACE [main] jdbc.BaseJdbcLogger (BaseJdbcLogger.java:151) - <==        Row: 30, 张三7, 22, 1, 湖北
2017-02-15 12:52:24,995 TRACE [main] jdbc.BaseJdbcLogger (BaseJdbcLogger.java:151) - <==        Row: 31, 张三8, 20, 1, 广东
2017-02-15 12:52:24,995 TRACE [main] jdbc.BaseJdbcLogger (BaseJdbcLogger.java:151) - <==        Row: 32, 张三9, 19, 0, 湖北
2017-02-15 12:52:24,996 TRACE [main] jdbc.BaseJdbcLogger (BaseJdbcLogger.java:151) - <==        Row: 33, 张三0, 22, 1, 湖南
2017-02-15 12:52:24,997 TRACE [main] jdbc.BaseJdbcLogger (BaseJdbcLogger.java:151) - <==        Row: 34, 张三1, 18, 1, 湖北
2017-02-15 12:52:24,997 TRACE [main] jdbc.BaseJdbcLogger (BaseJdbcLogger.java:151) - <==        Row: 35, 张三2, 22, 1, 湖北
2017-02-15 12:52:24,997 TRACE [main] jdbc.BaseJdbcLogger (BaseJdbcLogger.java:151) - <==        Row: 36, 张三3, 22, 0, 广东
2017-02-15 12:52:24,997 TRACE [main] jdbc.BaseJdbcLogger (BaseJdbcLogger.java:151) - <==        Row: 37, 张三4, 19, 1, 山东
2017-02-15 12:52:24,998 TRACE [main] jdbc.BaseJdbcLogger (BaseJdbcLogger.java:151) - <==        Row: 38, 张三5, 22, 0, 湖北
2017-02-15 12:52:24,998 TRACE [main] jdbc.BaseJdbcLogger (BaseJdbcLogger.java:151) - <==        Row: 39, 张三6, 20, 1, 湖南
2017-02-15 12:52:24,998 TRACE [main] jdbc.BaseJdbcLogger (BaseJdbcLogger.java:151) - <==        Row: 40, 张三7, 21, 0, 山东
2017-02-15 12:52:24,998 TRACE [main] jdbc.BaseJdbcLogger (BaseJdbcLogger.java:151) - <==        Row: 41, 张三8, 18, 0, 湖北
2017-02-15 12:52:24,999 TRACE [main] jdbc.BaseJdbcLogger (BaseJdbcLogger.java:151) - <==        Row: 42, 张三9, 20, 0, 广东
2017-02-15 12:52:25,000 TRACE [main] jdbc.BaseJdbcLogger (BaseJdbcLogger.java:151) - <==        Row: 43, 张三0, 22, 1, 湖南
2017-02-15 12:52:25,001 TRACE [main] jdbc.BaseJdbcLogger (BaseJdbcLogger.java:151) - <==        Row: 44, 张三1, 21, 0, 山东
2017-02-15 12:52:25,001 TRACE [main] jdbc.BaseJdbcLogger (BaseJdbcLogger.java:151) - <==        Row: 45, 张三2, 21, 1, 山东
2017-02-15 12:52:25,001 TRACE [main] jdbc.BaseJdbcLogger (BaseJdbcLogger.java:151) - <==        Row: 46, 张三3, 19, 0, 湖北
2017-02-15 12:52:25,002 TRACE [main] jdbc.BaseJdbcLogger (BaseJdbcLogger.java:151) - <==        Row: 47, 张三4, 19, 1, 湖南
2017-02-15 12:52:25,002 TRACE [main] jdbc.BaseJdbcLogger (BaseJdbcLogger.java:151) - <==        Row: 48, 张三5, 21, 1, 湖北
2017-02-15 12:52:25,002 TRACE [main] jdbc.BaseJdbcLogger (BaseJdbcLogger.java:151) - <==        Row: 49, 张三6, 20, 0, 湖南
2017-02-15 12:52:25,002 TRACE [main] jdbc.BaseJdbcLogger (BaseJdbcLogger.java:151) - <==        Row: 50, 张三7, 18, 1, 山东
2017-02-15 12:52:25,003 TRACE [main] jdbc.BaseJdbcLogger (BaseJdbcLogger.java:151) - <==        Row: 51, 张三8, 22, 1, 山东
2017-02-15 12:52:25,003 TRACE [main] jdbc.BaseJdbcLogger (BaseJdbcLogger.java:151) - <==        Row: 52, 张三9, 22, 1, 广东
2017-02-15 12:52:25,004 DEBUG [main] jdbc.BaseJdbcLogger (BaseJdbcLogger.java:145) - <==      Total: 50
2017-02-15 12:53:26,730 DEBUG [main] jdbc.BaseJdbcLogger (BaseJdbcLogger.java:145) - ==>  Preparing: select * from student WHERE sid=? 
2017-02-15 12:53:26,830 DEBUG [main] jdbc.BaseJdbcLogger (BaseJdbcLogger.java:145) - ==> Parameters: 4(Integer)
2017-02-15 12:53:26,863 TRACE [main] jdbc.BaseJdbcLogger (BaseJdbcLogger.java:151) - <==    Columns: SID, SNAME, SAGE, SEX, ADDRESS
2017-02-15 12:53:26,867 TRACE [main] jdbc.BaseJdbcLogger (BaseJdbcLogger.java:151) - <==        Row: 4, 张三3, 20, 1, 山东
2017-02-15 12:53:26,869 DEBUG [main] jdbc.BaseJdbcLogger (BaseJdbcLogger.java:145) - <==      Total: 1
2017-02-15 12:53:26,870 DEBUG [main] jdbc.BaseJdbcLogger (BaseJdbcLogger.java:145) - ==>  Preparing: update student SET sname=?, sage=?, sex=? where sid=? 
2017-02-15 12:53:26,871 DEBUG [main] jdbc.BaseJdbcLogger (BaseJdbcLogger.java:145) - ==> Parameters: 张三3(String), 20(Integer), 1(Integer), 4(Integer)
2017-02-15 12:53:26,873 DEBUG [main] jdbc.BaseJdbcLogger (BaseJdbcLogger.java:145) - <==    Updates: 1
2017-02-15 12:53:26,875 DEBUG [main] jdbc.BaseJdbcLogger (BaseJdbcLogger.java:145) - ==>  Preparing: select * from student WHERE sid=? 
2017-02-15 12:53:26,875 DEBUG [main] jdbc.BaseJdbcLogger (BaseJdbcLogger.java:145) - ==> Parameters: 4(Integer)
2017-02-15 12:53:26,877 TRACE [main] jdbc.BaseJdbcLogger (BaseJdbcLogger.java:151) - <==    Columns: SID, SNAME, SAGE, SEX, ADDRESS
2017-02-15 12:53:26,877 TRACE [main] jdbc.BaseJdbcLogger (BaseJdbcLogger.java:151) - <==        Row: 4, 张三3, 20, 1, 山东
2017-02-15 12:53:26,877 DEBUG [main] jdbc.BaseJdbcLogger (BaseJdbcLogger.java:145) - <==      Total: 1
2017-02-15 12:55:11,891 DEBUG [main] jdbc.BaseJdbcLogger (BaseJdbcLogger.java:145) - ==>  Preparing: select * from student WHERE sid=? 
2017-02-15 12:55:12,016 DEBUG [main] jdbc.BaseJdbcLogger (BaseJdbcLogger.java:145) - ==> Parameters: 4(Integer)
2017-02-15 12:55:12,049 TRACE [main] jdbc.BaseJdbcLogger (BaseJdbcLogger.java:151) - <==    Columns: SID, SNAME, SAGE, SEX, ADDRESS
2017-02-15 12:55:12,053 TRACE [main] jdbc.BaseJdbcLogger (BaseJdbcLogger.java:151) - <==        Row: 4, 张三3, 20, 1, 山东
2017-02-15 12:55:12,055 DEBUG [main] jdbc.BaseJdbcLogger (BaseJdbcLogger.java:145) - <==      Total: 1
2017-02-15 12:55:12,056 DEBUG [main] jdbc.BaseJdbcLogger (BaseJdbcLogger.java:145) - ==>  Preparing: update student SET sname=?, sage=?, sex=? where sid=? 
2017-02-15 12:55:12,057 DEBUG [main] jdbc.BaseJdbcLogger (BaseJdbcLogger.java:145) - ==> Parameters: 张三3(String), 20(Integer), 1(Integer), 4(Integer)
2017-02-15 12:55:12,058 DEBUG [main] jdbc.BaseJdbcLogger (BaseJdbcLogger.java:145) - <==    Updates: 1
2017-02-15 12:55:12,060 DEBUG [main] jdbc.BaseJdbcLogger (BaseJdbcLogger.java:145) - ==>  Preparing: select * from student WHERE sid=? 
2017-02-15 12:55:12,060 DEBUG [main] jdbc.BaseJdbcLogger (BaseJdbcLogger.java:145) - ==> Parameters: 4(Integer)
2017-02-15 12:55:12,061 TRACE [main] jdbc.BaseJdbcLogger (BaseJdbcLogger.java:151) - <==    Columns: SID, SNAME, SAGE, SEX, ADDRESS
2017-02-15 12:55:12,061 TRACE [main] jdbc.BaseJdbcLogger (BaseJdbcLogger.java:151) - <==        Row: 4, 张三3, 20, 1, 山东
2017-02-15 12:55:12,061 DEBUG [main] jdbc.BaseJdbcLogger (BaseJdbcLogger.java:145) - <==      Total: 1
2017-02-15 13:09:09,081 DEBUG [main] jdbc.BaseJdbcLogger (BaseJdbcLogger.java:145) - ==>  Preparing: select * from student WHERE sid=? 
2017-02-15 13:09:09,201 DEBUG [main] jdbc.BaseJdbcLogger (BaseJdbcLogger.java:145) - ==> Parameters: 4(Integer)
2017-02-15 13:09:09,242 TRACE [main] jdbc.BaseJdbcLogger (BaseJdbcLogger.java:151) - <==    Columns: SID, SNAME, SAGE, SEX, ADDRESS
2017-02-15 13:09:09,247 TRACE [main] jdbc.BaseJdbcLogger (BaseJdbcLogger.java:151) - <==        Row: 4, 张三3, 20, 1, 山东
2017-02-15 13:09:09,249 DEBUG [main] jdbc.BaseJdbcLogger (BaseJdbcLogger.java:145) - <==      Total: 1
2017-02-15 13:09:09,251 DEBUG [main] jdbc.BaseJdbcLogger (BaseJdbcLogger.java:145) - ==>  Preparing: update student SET sname=?, sage=?, sex=? where sid=? 
2017-02-15 13:09:09,251 DEBUG [main] jdbc.BaseJdbcLogger (BaseJdbcLogger.java:145) - ==> Parameters: 张三3(String), 20(Integer), 1(Integer), 4(Integer)
2017-02-15 13:09:09,252 DEBUG [main] jdbc.BaseJdbcLogger (BaseJdbcLogger.java:145) - <==    Updates: 1
2017-02-15 13:09:09,253 DEBUG [main] jdbc.BaseJdbcLogger (BaseJdbcLogger.java:145) - ==>  Preparing: select * from student WHERE sid=? 
2017-02-15 13:09:09,253 DEBUG [main] jdbc.BaseJdbcLogger (BaseJdbcLogger.java:145) - ==> Parameters: 4(Integer)
2017-02-15 13:09:09,254 TRACE [main] jdbc.BaseJdbcLogger (BaseJdbcLogger.java:151) - <==    Columns: SID, SNAME, SAGE, SEX, ADDRESS
2017-02-15 13:09:09,254 TRACE [main] jdbc.BaseJdbcLogger (BaseJdbcLogger.java:151) - <==        Row: 4, 张三3, 20, 1, 山东
2017-02-15 13:09:09,255 DEBUG [main] jdbc.BaseJdbcLogger (BaseJdbcLogger.java:145) - <==      Total: 1
2017-02-15 13:09:36,195 DEBUG [main] jdbc.BaseJdbcLogger (BaseJdbcLogger.java:145) - ==>  Preparing: select * from student WHERE sage=? 
2017-02-15 13:09:36,300 DEBUG [main] jdbc.BaseJdbcLogger (BaseJdbcLogger.java:145) - ==> Parameters: 20(Integer)
2017-02-15 13:09:36,333 TRACE [main] jdbc.BaseJdbcLogger (BaseJdbcLogger.java:151) - <==    Columns: SID, SNAME, SAGE, SEX, ADDRESS
2017-02-15 13:09:36,338 TRACE [main] jdbc.BaseJdbcLogger (BaseJdbcLogger.java:151) - <==        Row: 4, 张三3, 20, 1, 山东
2017-02-15 13:09:36,340 TRACE [main] jdbc.BaseJdbcLogger (BaseJdbcLogger.java:151) - <==        Row: 13, 张三0, 20, 0, 湖北
2017-02-15 13:09:36,340 TRACE [main] jdbc.BaseJdbcLogger (BaseJdbcLogger.java:151) - <==        Row: 19, 张三6, 20, 0, 广东
2017-02-15 13:09:36,341 TRACE [main] jdbc.BaseJdbcLogger (BaseJdbcLogger.java:151) - <==        Row: 29, 张三6, 20, 0, 湖北
2017-02-15 13:09:36,341 TRACE [main] jdbc.BaseJdbcLogger (BaseJdbcLogger.java:151) - <==        Row: 31, 张三8, 20, 1, 广东
2017-02-15 13:09:36,342 TRACE [main] jdbc.BaseJdbcLogger (BaseJdbcLogger.java:151) - <==        Row: 39, 张三6, 20, 1, 湖南
2017-02-15 13:09:36,343 TRACE [main] jdbc.BaseJdbcLogger (BaseJdbcLogger.java:151) - <==        Row: 42, 张三9, 20, 0, 广东
2017-02-15 13:09:36,343 TRACE [main] jdbc.BaseJdbcLogger (BaseJdbcLogger.java:151) - <==        Row: 49, 张三6, 20, 0, 湖南
2017-02-15 13:09:36,344 DEBUG [main] jdbc.BaseJdbcLogger (BaseJdbcLogger.java:145) - <==      Total: 8
2017-02-15 13:09:36,346 DEBUG [main] jdbc.BaseJdbcLogger (BaseJdbcLogger.java:145) - ==>  Preparing: select * from student WHERE sage=? 
2017-02-15 13:09:36,346 DEBUG [main] jdbc.BaseJdbcLogger (BaseJdbcLogger.java:145) - ==> Parameters: 20(Integer)
2017-02-15 13:09:36,349 TRACE [main] jdbc.BaseJdbcLogger (BaseJdbcLogger.java:151) - <==    Columns: SID, SNAME, SAGE, SEX, ADDRESS
2017-02-15 13:09:36,349 TRACE [main] jdbc.BaseJdbcLogger (BaseJdbcLogger.java:151) - <==        Row: 4, 张三3, 20, 1, 山东
2017-02-15 13:09:36,350 TRACE [main] jdbc.BaseJdbcLogger (BaseJdbcLogger.java:151) - <==        Row: 13, 张三0, 20, 0, 湖北
2017-02-15 13:09:36,350 TRACE [main] jdbc.BaseJdbcLogger (BaseJdbcLogger.java:151) - <==        Row: 19, 张三6, 20, 0, 广东
2017-02-15 13:09:36,351 TRACE [main] jdbc.BaseJdbcLogger (BaseJdbcLogger.java:151) - <==        Row: 29, 张三6, 20, 0, 湖北
2017-02-15 13:09:36,351 TRACE [main] jdbc.BaseJdbcLogger (BaseJdbcLogger.java:151) - <==        Row: 31, 张三8, 20, 1, 广东
2017-02-15 13:09:36,353 TRACE [main] jdbc.BaseJdbcLogger (BaseJdbcLogger.java:151) - <==        Row: 39, 张三6, 20, 1, 湖南
2017-02-15 13:09:36,355 TRACE [main] jdbc.BaseJdbcLogger (BaseJdbcLogger.java:151) - <==        Row: 42, 张三9, 20, 0, 广东
2017-02-15 13:09:36,355 TRACE [main] jdbc.BaseJdbcLogger (BaseJdbcLogger.java:151) - <==        Row: 49, 张三6, 20, 0, 湖南
2017-02-15 13:09:36,357 DEBUG [main] jdbc.BaseJdbcLogger (BaseJdbcLogger.java:145) - <==      Total: 8
2017-02-15 13:26:24,423 DEBUG [main] decorators.LoggingCache (LoggingCache.java:62) - Cache Hit Ratio [com.yc.dao.mapper.StudentMapper]: 0.0
2017-02-15 13:26:24,722 DEBUG [main] jdbc.BaseJdbcLogger (BaseJdbcLogger.java:145) - ==>  Preparing: select * from student WHERE sage=? 
2017-02-15 13:26:24,830 DEBUG [main] jdbc.BaseJdbcLogger (BaseJdbcLogger.java:145) - ==> Parameters: 20(Integer)
2017-02-15 13:26:24,892 TRACE [main] jdbc.BaseJdbcLogger (BaseJdbcLogger.java:151) - <==    Columns: SID, SNAME, SAGE, SEX, ADDRESS
2017-02-15 13:26:24,897 TRACE [main] jdbc.BaseJdbcLogger (BaseJdbcLogger.java:151) - <==        Row: 4, 张三3, 20, 1, 山东
2017-02-15 13:26:24,900 TRACE [main] jdbc.BaseJdbcLogger (BaseJdbcLogger.java:151) - <==        Row: 13, 张三0, 20, 0, 湖北
2017-02-15 13:26:24,900 TRACE [main] jdbc.BaseJdbcLogger (BaseJdbcLogger.java:151) - <==        Row: 19, 张三6, 20, 0, 广东
2017-02-15 13:26:24,901 TRACE [main] jdbc.BaseJdbcLogger (BaseJdbcLogger.java:151) - <==        Row: 29, 张三6, 20, 0, 湖北
2017-02-15 13:26:24,902 TRACE [main] jdbc.BaseJdbcLogger (BaseJdbcLogger.java:151) - <==        Row: 31, 张三8, 20, 1, 广东
2017-02-15 13:26:24,902 TRACE [main] jdbc.BaseJdbcLogger (BaseJdbcLogger.java:151) - <==        Row: 39, 张三6, 20, 1, 湖南
2017-02-15 13:26:24,904 TRACE [main] jdbc.BaseJdbcLogger (BaseJdbcLogger.java:151) - <==        Row: 42, 张三9, 20, 0, 广东
2017-02-15 13:26:24,904 TRACE [main] jdbc.BaseJdbcLogger (BaseJdbcLogger.java:151) - <==        Row: 49, 张三6, 20, 0, 湖南
2017-02-15 13:26:24,907 DEBUG [main] jdbc.BaseJdbcLogger (BaseJdbcLogger.java:145) - <==      Total: 8
2017-02-15 13:26:24,910 DEBUG [main] decorators.LoggingCache (LoggingCache.java:62) - Cache Hit Ratio [com.yc.dao.mapper.StudentMapper]: 0.5
